2019-06-13-09-05 [background-preinit] [org.hibernate.validator.internal.util.Version] [INFO] - HV000001: Hibernate Validator 6.0.16.Final
2019-06-13-09-05 [restartedMain] [com.shuheng.datacenter.DatacenterApplication] [INFO] - Starting DatacenterApplication on SKY-20170806VLC with PID 6516 (started by Administrator in D:\Program Files\intellijEDEAworkspace\datacenter)
2019-06-13-09-05 [restartedMain] [com.shuheng.datacenter.DatacenterApplication] [INFO] - No active profile set, falling back to default profiles: default
2019-06-13-09-05 [restartedMain] [org.springframework.boot.devtools.env.DevToolsPropertyDefaultsPostProcessor] [INFO] - Devtools property defaults active! Set 'spring.devtools.add-properties' to 'false' to disable
2019-06-13-09-05 [restartedMain] [org.springframework.boot.devtools.env.DevToolsPropertyDefaultsPostProcessor] [INFO] - For additional web related logging consider setting the 'logging.level.web' property to 'DEBUG'
2019-06-13-09-05 [restartedMain] [org.mybatis.spring.mapper.ClassPathMapperScanner] [WARN] - No MyBatis mapper was found in '[mapper]' package. Please check your configuration.
2019-06-13-09-05 [restartedMain] [org.mybatis.spring.mapper.ClassPathMapperScanner] [WARN] - No MyBatis mapper was found in '[com.shuheng.datacenter]' package. Please check your configuration.
2019-06-13-09-05 [restartedMain] [org.springframework.data.repository.config.RepositoryConfigurationDelegate] [INFO] - Multiple Spring Data modules found, entering strict repository configuration mode!
2019-06-13-09-05 [restartedMain] [org.springframework.data.repository.config.RepositoryConfigurationDelegate] [INFO] - Bootstrapping Spring Data repositories in DEFAULT mode.
2019-06-13-09-05 [restartedMain] [org.springframework.data.repository.config.RepositoryConfigurationDelegate] [INFO] - Finished Spring Data repository scanning in 16ms. Found 0 repository interfaces.
2019-06-13-09-05 [restartedMain] [org.springframework.context.support.PostProcessorRegistrationDelegate$BeanPostProcessorChecker] [INFO] - Bean 'org.springframework.transaction.annotation.ProxyTransactionManagementConfiguration' of type [org.springframework.transaction.annotation.ProxyTransactionManagementConfiguration$$EnhancerBySpringCGLIB$$dcf2e8c3] is not eligible for getting processed by all BeanPostProcessors (for example: not eligible for auto-proxying)
2019-06-13-09-05 [restartedMain] [org.springframework.boot.web.embedded.tomcat.TomcatWebServer] [INFO] - Tomcat initialized with port(s): 8090 (http)
2019-06-13-09-05 [restartedMain] [org.springframework.web.context.ContextLoader] [INFO] - Root WebApplicationContext: initialization completed in 1809 ms
2019-06-13-09-05 [restartedMain] [org.springframework.scheduling.concurrent.ThreadPoolTaskExecutor] [INFO] - Initializing ExecutorService 'applicationTaskExecutor'
2019-06-13-09-05 [restartedMain] [com.zaxxer.hikari.HikariDataSource] [INFO] - HikariPool-1 - Starting...
2019-06-13-09-05 [restartedMain] [com.zaxxer.hikari.HikariDataSource] [INFO] - HikariPool-1 - Start completed.
2019-06-13-09-05 [restartedMain] [org.quartz.impl.StdSchedulerFactory] [INFO] - Using default implementation for ThreadExecutor
2019-06-13-09-05 [restartedMain] [org.quartz.core.SchedulerSignalerImpl] [INFO] - Initialized Scheduler Signaller of type: class org.quartz.core.SchedulerSignalerImpl
2019-06-13-09-05 [restartedMain] [org.quartz.core.QuartzScheduler] [INFO] - Quartz Scheduler v.2.3.1 created.
2019-06-13-09-05 [restartedMain] [org.quartz.simpl.RAMJobStore] [INFO] - RAMJobStore initialized.
2019-06-13-09-05 [restartedMain] [org.quartz.core.QuartzScheduler] [INFO] - Scheduler meta-data: Quartz Scheduler (v2.3.1) 'quartzScheduler' with instanceId 'NON_CLUSTERED'
  Scheduler class: 'org.quartz.core.QuartzScheduler' - running locally.
  NOT STARTED.
  Currently in standby mode.
  Number of jobs executed: 0
  Using thread pool 'org.quartz.simpl.SimpleThreadPool' - with 10 threads.
  Using job-store 'org.quartz.simpl.RAMJobStore' - which does not support persistence. and is not clustered.

2019-06-13-09-05 [restartedMain] [org.quartz.impl.StdSchedulerFactory] [INFO] - Quartz scheduler 'quartzScheduler' initialized from an externally provided properties instance.
2019-06-13-09-05 [restartedMain] [org.quartz.impl.StdSchedulerFactory] [INFO] - Quartz scheduler version: 2.3.1
2019-06-13-09-05 [restartedMain] [org.quartz.core.QuartzScheduler] [INFO] - JobFactory set to: org.springframework.scheduling.quartz.SpringBeanJobFactory@35c728
2019-06-13-09-05 [restartedMain] [org.springframework.boot.devtools.autoconfigure.OptionalLiveReloadServer] [INFO] - LiveReload server is running on port 35729
2019-06-13-09-05 [restartedMain] [org.springframework.scheduling.quartz.SchedulerFactoryBean] [INFO] - Starting Quartz Scheduler now
2019-06-13-09-05 [restartedMain] [org.quartz.core.QuartzScheduler] [INFO] - Scheduler quartzScheduler_$_NON_CLUSTERED started.
2019-06-13-09-05 [restartedMain] [org.springframework.boot.web.embedded.tomcat.TomcatWebServer] [INFO] - Tomcat started on port(s): 8090 (http) with context path '/datacenter'
2019-06-13-09-05 [restartedMain] [com.shuheng.datacenter.DatacenterApplication] [INFO] - Started DatacenterApplication in 4.134 seconds (JVM running for 5.405)
2019-06-13-09-05 [http-nio-8090-exec-1] [org.springframework.web.servlet.DispatcherServlet] [INFO] - Initializing Servlet 'dispatcherServlet'
2019-06-13-09-05 [http-nio-8090-exec-1] [org.springframework.web.servlet.DispatcherServlet] [INFO] - Completed initialization in 7 ms
2019-06-13-09-06 [background-preinit] [org.hibernate.validator.internal.util.Version] [INFO] - HV000001: Hibernate Validator 6.0.16.Final
2019-06-13-09-06 [restartedMain] [com.shuheng.datacenter.DatacenterApplication] [INFO] - Starting DatacenterApplication on SKY-20170806VLC with PID 7820 (started by Administrator in D:\Program Files\intellijEDEAworkspace\datacenter)
2019-06-13-09-06 [restartedMain] [com.shuheng.datacenter.DatacenterApplication] [INFO] - No active profile set, falling back to default profiles: default
2019-06-13-09-06 [restartedMain] [org.springframework.boot.devtools.env.DevToolsPropertyDefaultsPostProcessor] [INFO] - Devtools property defaults active! Set 'spring.devtools.add-properties' to 'false' to disable
2019-06-13-09-06 [restartedMain] [org.springframework.boot.devtools.env.DevToolsPropertyDefaultsPostProcessor] [INFO] - For additional web related logging consider setting the 'logging.level.web' property to 'DEBUG'
2019-06-13-09-06 [restartedMain] [org.mybatis.spring.mapper.ClassPathMapperScanner] [WARN] - No MyBatis mapper was found in '[mapper]' package. Please check your configuration.
2019-06-13-09-06 [restartedMain] [org.mybatis.spring.mapper.ClassPathMapperScanner] [WARN] - No MyBatis mapper was found in '[com.shuheng.datacenter]' package. Please check your configuration.
2019-06-13-09-06 [restartedMain] [org.springframework.data.repository.config.RepositoryConfigurationDelegate] [INFO] - Multiple Spring Data modules found, entering strict repository configuration mode!
2019-06-13-09-06 [restartedMain] [org.springframework.data.repository.config.RepositoryConfigurationDelegate] [INFO] - Bootstrapping Spring Data repositories in DEFAULT mode.
2019-06-13-09-06 [restartedMain] [org.springframework.data.repository.config.RepositoryConfigurationDelegate] [INFO] - Finished Spring Data repository scanning in 0ms. Found 0 repository interfaces.
2019-06-13-09-06 [restartedMain] [org.springframework.context.support.PostProcessorRegistrationDelegate$BeanPostProcessorChecker] [INFO] - Bean 'org.springframework.transaction.annotation.ProxyTransactionManagementConfiguration' of type [org.springframework.transaction.annotation.ProxyTransactionManagementConfiguration$$EnhancerBySpringCGLIB$$e4f8995a] is not eligible for getting processed by all BeanPostProcessors (for example: not eligible for auto-proxying)
2019-06-13-09-06 [restartedMain] [org.springframework.boot.web.embedded.tomcat.TomcatWebServer] [INFO] - Tomcat initialized with port(s): 8090 (http)
2019-06-13-09-06 [restartedMain] [org.springframework.web.context.ContextLoader] [INFO] - Root WebApplicationContext: initialization completed in 1336 ms
2019-06-13-09-06 [restartedMain] [org.springframework.scheduling.concurrent.ThreadPoolTaskExecutor] [INFO] - Initializing ExecutorService 'applicationTaskExecutor'
2019-06-13-09-06 [restartedMain] [com.zaxxer.hikari.HikariDataSource] [INFO] - HikariPool-1 - Starting...
2019-06-13-09-06 [restartedMain] [com.zaxxer.hikari.HikariDataSource] [INFO] - HikariPool-1 - Start completed.
2019-06-13-09-06 [restartedMain] [org.quartz.impl.StdSchedulerFactory] [INFO] - Using default implementation for ThreadExecutor
2019-06-13-09-06 [restartedMain] [org.quartz.core.SchedulerSignalerImpl] [INFO] - Initialized Scheduler Signaller of type: class org.quartz.core.SchedulerSignalerImpl
2019-06-13-09-06 [restartedMain] [org.quartz.core.QuartzScheduler] [INFO] - Quartz Scheduler v.2.3.1 created.
2019-06-13-09-06 [restartedMain] [org.quartz.simpl.RAMJobStore] [INFO] - RAMJobStore initialized.
2019-06-13-09-06 [restartedMain] [org.quartz.core.QuartzScheduler] [INFO] - Scheduler meta-data: Quartz Scheduler (v2.3.1) 'quartzScheduler' with instanceId 'NON_CLUSTERED'
  Scheduler class: 'org.quartz.core.QuartzScheduler' - running locally.
  NOT STARTED.
  Currently in standby mode.
  Number of jobs executed: 0
  Using thread pool 'org.quartz.simpl.SimpleThreadPool' - with 10 threads.
  Using job-store 'org.quartz.simpl.RAMJobStore' - which does not support persistence. and is not clustered.

2019-06-13-09-06 [restartedMain] [org.quartz.impl.StdSchedulerFactory] [INFO] - Quartz scheduler 'quartzScheduler' initialized from an externally provided properties instance.
2019-06-13-09-06 [restartedMain] [org.quartz.impl.StdSchedulerFactory] [INFO] - Quartz scheduler version: 2.3.1
2019-06-13-09-06 [restartedMain] [org.quartz.core.QuartzScheduler] [INFO] - JobFactory set to: org.springframework.scheduling.quartz.SpringBeanJobFactory@11b816d
2019-06-13-09-06 [restartedMain] [org.springframework.boot.devtools.autoconfigure.OptionalLiveReloadServer] [INFO] - LiveReload server is running on port 35729
2019-06-13-09-06 [restartedMain] [org.springframework.scheduling.quartz.SchedulerFactoryBean] [INFO] - Starting Quartz Scheduler now
2019-06-13-09-06 [restartedMain] [org.quartz.core.QuartzScheduler] [INFO] - Scheduler quartzScheduler_$_NON_CLUSTERED started.
2019-06-13-09-06 [restartedMain] [org.springframework.boot.web.embedded.tomcat.TomcatWebServer] [INFO] - Tomcat started on port(s): 8090 (http) with context path '/datacenter'
2019-06-13-09-06 [restartedMain] [com.shuheng.datacenter.DatacenterApplication] [INFO] - Started DatacenterApplication in 3.2 seconds (JVM running for 3.79)
2019-06-13-09-06 [http-nio-8090-exec-1] [org.springframework.web.servlet.DispatcherServlet] [INFO] - Initializing Servlet 'dispatcherServlet'
2019-06-13-09-06 [http-nio-8090-exec-1] [org.springframework.web.servlet.DispatcherServlet] [INFO] - Completed initialization in 15 ms
2019-06-13-10-47 [background-preinit] [org.hibernate.validator.internal.util.Version] [INFO] - HV000001: Hibernate Validator 6.0.16.Final
2019-06-13-10-47 [restartedMain] [com.shuheng.datacenter.DatacenterApplication] [INFO] - Starting DatacenterApplication on SKY-20170806VLC with PID 7944 (started by Administrator in D:\Program Files\intellijEDEAworkspace\datacenter)
2019-06-13-10-47 [restartedMain] [com.shuheng.datacenter.DatacenterApplication] [INFO] - No active profile set, falling back to default profiles: default
2019-06-13-10-47 [restartedMain] [org.springframework.boot.devtools.env.DevToolsPropertyDefaultsPostProcessor] [INFO] - Devtools property defaults active! Set 'spring.devtools.add-properties' to 'false' to disable
2019-06-13-10-47 [restartedMain] [org.springframework.boot.devtools.env.DevToolsPropertyDefaultsPostProcessor] [INFO] - For additional web related logging consider setting the 'logging.level.web' property to 'DEBUG'
2019-06-13-10-47 [restartedMain] [org.mybatis.spring.mapper.ClassPathMapperScanner] [WARN] - No MyBatis mapper was found in '[mapper]' package. Please check your configuration.
2019-06-13-10-47 [restartedMain] [org.mybatis.spring.mapper.ClassPathMapperScanner] [WARN] - No MyBatis mapper was found in '[com.shuheng.datacenter]' package. Please check your configuration.
2019-06-13-10-47 [restartedMain] [org.springframework.data.repository.config.RepositoryConfigurationDelegate] [INFO] - Multiple Spring Data modules found, entering strict repository configuration mode!
2019-06-13-10-47 [restartedMain] [org.springframework.data.repository.config.RepositoryConfigurationDelegate] [INFO] - Bootstrapping Spring Data repositories in DEFAULT mode.
2019-06-13-10-47 [restartedMain] [org.springframework.data.repository.config.RepositoryConfigurationDelegate] [INFO] - Finished Spring Data repository scanning in 8ms. Found 0 repository interfaces.
2019-06-13-10-47 [restartedMain] [org.springframework.context.support.PostProcessorRegistrationDelegate$BeanPostProcessorChecker] [INFO] - Bean 'org.springframework.transaction.annotation.ProxyTransactionManagementConfiguration' of type [org.springframework.transaction.annotation.ProxyTransactionManagementConfiguration$$EnhancerBySpringCGLIB$$25f62598] is not eligible for getting processed by all BeanPostProcessors (for example: not eligible for auto-proxying)
2019-06-13-10-47 [restartedMain] [org.springframework.boot.web.embedded.tomcat.TomcatWebServer] [INFO] - Tomcat initialized with port(s): 8090 (http)
2019-06-13-10-47 [restartedMain] [org.springframework.web.context.ContextLoader] [INFO] - Root WebApplicationContext: initialization completed in 1374 ms
2019-06-13-10-47 [restartedMain] [org.springframework.scheduling.concurrent.ThreadPoolTaskExecutor] [INFO] - Initializing ExecutorService 'applicationTaskExecutor'
2019-06-13-10-47 [restartedMain] [com.zaxxer.hikari.HikariDataSource] [INFO] - HikariPool-1 - Starting...
2019-06-13-10-47 [restartedMain] [com.zaxxer.hikari.HikariDataSource] [INFO] - HikariPool-1 - Start completed.
2019-06-13-10-47 [restartedMain] [org.quartz.impl.StdSchedulerFactory] [INFO] - Using default implementation for ThreadExecutor
2019-06-13-10-47 [restartedMain] [org.quartz.core.SchedulerSignalerImpl] [INFO] - Initialized Scheduler Signaller of type: class org.quartz.core.SchedulerSignalerImpl
2019-06-13-10-47 [restartedMain] [org.quartz.core.QuartzScheduler] [INFO] - Quartz Scheduler v.2.3.1 created.
2019-06-13-10-47 [restartedMain] [org.quartz.simpl.RAMJobStore] [INFO] - RAMJobStore initialized.
2019-06-13-10-47 [restartedMain] [org.quartz.core.QuartzScheduler] [INFO] - Scheduler meta-data: Quartz Scheduler (v2.3.1) 'quartzScheduler' with instanceId 'NON_CLUSTERED'
  Scheduler class: 'org.quartz.core.QuartzScheduler' - running locally.
  NOT STARTED.
  Currently in standby mode.
  Number of jobs executed: 0
  Using thread pool 'org.quartz.simpl.SimpleThreadPool' - with 10 threads.
  Using job-store 'org.quartz.simpl.RAMJobStore' - which does not support persistence. and is not clustered.

2019-06-13-10-47 [restartedMain] [org.quartz.impl.StdSchedulerFactory] [INFO] - Quartz scheduler 'quartzScheduler' initialized from an externally provided properties instance.
2019-06-13-10-47 [restartedMain] [org.quartz.impl.StdSchedulerFactory] [INFO] - Quartz scheduler version: 2.3.1
2019-06-13-10-47 [restartedMain] [org.quartz.core.QuartzScheduler] [INFO] - JobFactory set to: org.springframework.scheduling.quartz.SpringBeanJobFactory@85eff0
2019-06-13-10-47 [restartedMain] [org.springframework.boot.devtools.autoconfigure.OptionalLiveReloadServer] [INFO] - LiveReload server is running on port 35729
2019-06-13-10-47 [restartedMain] [org.springframework.scheduling.quartz.SchedulerFactoryBean] [INFO] - Starting Quartz Scheduler now
2019-06-13-10-47 [restartedMain] [org.quartz.core.QuartzScheduler] [INFO] - Scheduler quartzScheduler_$_NON_CLUSTERED started.
2019-06-13-10-47 [restartedMain] [org.springframework.boot.web.embedded.tomcat.TomcatWebServer] [INFO] - Tomcat started on port(s): 8090 (http) with context path '/datacenter'
2019-06-13-10-47 [restartedMain] [com.shuheng.datacenter.DatacenterApplication] [INFO] - Started DatacenterApplication in 3.311 seconds (JVM running for 3.884)
2019-06-13-10-47 [http-nio-8090-exec-1] [org.springframework.web.servlet.DispatcherServlet] [INFO] - Initializing Servlet 'dispatcherServlet'
2019-06-13-10-47 [http-nio-8090-exec-1] [org.springframework.web.servlet.DispatcherServlet] [INFO] - Completed initialization in 6 ms
2019-06-13-11-29 [background-preinit] [org.hibernate.validator.internal.util.Version] [INFO] - HV000001: Hibernate Validator 6.0.16.Final
2019-06-13-11-29 [restartedMain] [com.shuheng.datacenter.DatacenterApplication] [INFO] - Starting DatacenterApplication on SKY-20170806VLC with PID 9076 (started by Administrator in D:\Program Files\intellijEDEAworkspace\datacenter)
2019-06-13-11-29 [restartedMain] [com.shuheng.datacenter.DatacenterApplication] [INFO] - No active profile set, falling back to default profiles: default
2019-06-13-11-29 [restartedMain] [org.springframework.boot.devtools.env.DevToolsPropertyDefaultsPostProcessor] [INFO] - Devtools property defaults active! Set 'spring.devtools.add-properties' to 'false' to disable
2019-06-13-11-29 [restartedMain] [org.springframework.boot.devtools.env.DevToolsPropertyDefaultsPostProcessor] [INFO] - For additional web related logging consider setting the 'logging.level.web' property to 'DEBUG'
2019-06-13-11-29 [restartedMain] [org.mybatis.spring.mapper.ClassPathMapperScanner] [WARN] - No MyBatis mapper was found in '[mapper]' package. Please check your configuration.
2019-06-13-11-29 [restartedMain] [org.mybatis.spring.mapper.ClassPathMapperScanner] [WARN] - No MyBatis mapper was found in '[com.shuheng.datacenter]' package. Please check your configuration.
2019-06-13-11-29 [restartedMain] [org.springframework.data.repository.config.RepositoryConfigurationDelegate] [INFO] - Multiple Spring Data modules found, entering strict repository configuration mode!
2019-06-13-11-29 [restartedMain] [org.springframework.data.repository.config.RepositoryConfigurationDelegate] [INFO] - Bootstrapping Spring Data repositories in DEFAULT mode.
2019-06-13-11-29 [restartedMain] [org.springframework.data.repository.config.RepositoryConfigurationDelegate] [INFO] - Finished Spring Data repository scanning in 9ms. Found 0 repository interfaces.
2019-06-13-11-29 [restartedMain] [org.springframework.context.support.PostProcessorRegistrationDelegate$BeanPostProcessorChecker] [INFO] - Bean 'org.springframework.transaction.annotation.ProxyTransactionManagementConfiguration' of type [org.springframework.transaction.annotation.ProxyTransactionManagementConfiguration$$EnhancerBySpringCGLIB$$48ed5c76] is not eligible for getting processed by all BeanPostProcessors (for example: not eligible for auto-proxying)
2019-06-13-11-29 [restartedMain] [org.springframework.boot.web.embedded.tomcat.TomcatWebServer] [INFO] - Tomcat initialized with port(s): 8090 (http)
2019-06-13-11-29 [restartedMain] [org.springframework.web.context.ContextLoader] [INFO] - Root WebApplicationContext: initialization completed in 1370 ms
2019-06-13-11-29 [restartedMain] [org.springframework.scheduling.concurrent.ThreadPoolTaskExecutor] [INFO] - Initializing ExecutorService 'applicationTaskExecutor'
2019-06-13-11-29 [restartedMain] [com.zaxxer.hikari.HikariDataSource] [INFO] - HikariPool-1 - Starting...
2019-06-13-11-29 [restartedMain] [com.zaxxer.hikari.HikariDataSource] [INFO] - HikariPool-1 - Start completed.
2019-06-13-11-29 [restartedMain] [org.quartz.impl.StdSchedulerFactory] [INFO] - Using default implementation for ThreadExecutor
2019-06-13-11-29 [restartedMain] [org.quartz.core.SchedulerSignalerImpl] [INFO] - Initialized Scheduler Signaller of type: class org.quartz.core.SchedulerSignalerImpl
2019-06-13-11-29 [restartedMain] [org.quartz.core.QuartzScheduler] [INFO] - Quartz Scheduler v.2.3.1 created.
2019-06-13-11-29 [restartedMain] [org.quartz.simpl.RAMJobStore] [INFO] - RAMJobStore initialized.
2019-06-13-11-29 [restartedMain] [org.quartz.core.QuartzScheduler] [INFO] - Scheduler meta-data: Quartz Scheduler (v2.3.1) 'quartzScheduler' with instanceId 'NON_CLUSTERED'
  Scheduler class: 'org.quartz.core.QuartzScheduler' - running locally.
  NOT STARTED.
  Currently in standby mode.
  Number of jobs executed: 0
  Using thread pool 'org.quartz.simpl.SimpleThreadPool' - with 10 threads.
  Using job-store 'org.quartz.simpl.RAMJobStore' - which does not support persistence. and is not clustered.

2019-06-13-11-29 [restartedMain] [org.quartz.impl.StdSchedulerFactory] [INFO] - Quartz scheduler 'quartzScheduler' initialized from an externally provided properties instance.
2019-06-13-11-29 [restartedMain] [org.quartz.impl.StdSchedulerFactory] [INFO] - Quartz scheduler version: 2.3.1
2019-06-13-11-29 [restartedMain] [org.quartz.core.QuartzScheduler] [INFO] - JobFactory set to: org.springframework.scheduling.quartz.SpringBeanJobFactory@1bdbd85
2019-06-13-11-29 [restartedMain] [org.springframework.boot.devtools.autoconfigure.OptionalLiveReloadServer] [INFO] - LiveReload server is running on port 35729
2019-06-13-11-29 [restartedMain] [org.springframework.scheduling.quartz.SchedulerFactoryBean] [INFO] - Starting Quartz Scheduler now
2019-06-13-11-29 [restartedMain] [org.quartz.core.QuartzScheduler] [INFO] - Scheduler quartzScheduler_$_NON_CLUSTERED started.
2019-06-13-11-29 [restartedMain] [org.springframework.boot.web.embedded.tomcat.TomcatWebServer] [INFO] - Tomcat started on port(s): 8090 (http) with context path '/datacenter'
2019-06-13-11-29 [restartedMain] [com.shuheng.datacenter.DatacenterApplication] [INFO] - Started DatacenterApplication in 3.362 seconds (JVM running for 3.886)
2019-06-13-11-30 [http-nio-8090-exec-1] [org.springframework.web.servlet.DispatcherServlet] [INFO] - Initializing Servlet 'dispatcherServlet'
2019-06-13-11-30 [http-nio-8090-exec-1] [org.springframework.web.servlet.DispatcherServlet] [INFO] - Completed initialization in 5 ms
2019-06-13-13-56 [background-preinit] [org.hibernate.validator.internal.util.Version] [INFO] - HV000001: Hibernate Validator 6.0.16.Final
2019-06-13-13-56 [restartedMain] [com.shuheng.datacenter.DatacenterApplication] [INFO] - Starting DatacenterApplication on SKY-20170806VLC with PID 8576 (started by Administrator in D:\Program Files\intellijEDEAworkspace\datacenter)
2019-06-13-13-56 [restartedMain] [com.shuheng.datacenter.DatacenterApplication] [INFO] - No active profile set, falling back to default profiles: default
2019-06-13-13-56 [restartedMain] [org.springframework.boot.devtools.env.DevToolsPropertyDefaultsPostProcessor] [INFO] - Devtools property defaults active! Set 'spring.devtools.add-properties' to 'false' to disable
2019-06-13-13-56 [restartedMain] [org.springframework.boot.devtools.env.DevToolsPropertyDefaultsPostProcessor] [INFO] - For additional web related logging consider setting the 'logging.level.web' property to 'DEBUG'
2019-06-13-13-56 [restartedMain] [org.mybatis.spring.mapper.ClassPathMapperScanner] [WARN] - No MyBatis mapper was found in '[mapper]' package. Please check your configuration.
2019-06-13-13-56 [restartedMain] [org.mybatis.spring.mapper.ClassPathMapperScanner] [WARN] - No MyBatis mapper was found in '[com.shuheng.datacenter]' package. Please check your configuration.
2019-06-13-13-56 [restartedMain] [org.springframework.data.repository.config.RepositoryConfigurationDelegate] [INFO] - Multiple Spring Data modules found, entering strict repository configuration mode!
2019-06-13-13-56 [restartedMain] [org.springframework.data.repository.config.RepositoryConfigurationDelegate] [INFO] - Bootstrapping Spring Data repositories in DEFAULT mode.
2019-06-13-13-56 [restartedMain] [org.springframework.data.repository.config.RepositoryConfigurationDelegate] [INFO] - Finished Spring Data repository scanning in 8ms. Found 0 repository interfaces.
2019-06-13-13-56 [restartedMain] [org.springframework.context.support.PostProcessorRegistrationDelegate$BeanPostProcessorChecker] [INFO] - Bean 'org.springframework.transaction.annotation.ProxyTransactionManagementConfiguration' of type [org.springframework.transaction.annotation.ProxyTransactionManagementConfiguration$$EnhancerBySpringCGLIB$$84203643] is not eligible for getting processed by all BeanPostProcessors (for example: not eligible for auto-proxying)
2019-06-13-13-56 [restartedMain] [org.springframework.boot.web.embedded.tomcat.TomcatWebServer] [INFO] - Tomcat initialized with port(s): 8090 (http)
2019-06-13-13-56 [restartedMain] [org.springframework.web.context.ContextLoader] [INFO] - Root WebApplicationContext: initialization completed in 1383 ms
2019-06-13-13-56 [restartedMain] [org.springframework.scheduling.concurrent.ThreadPoolTaskExecutor] [INFO] - Initializing ExecutorService 'applicationTaskExecutor'
2019-06-13-13-56 [restartedMain] [com.zaxxer.hikari.HikariDataSource] [INFO] - HikariPool-1 - Starting...
2019-06-13-13-56 [restartedMain] [com.zaxxer.hikari.HikariDataSource] [INFO] - HikariPool-1 - Start completed.
2019-06-13-13-56 [restartedMain] [org.quartz.impl.StdSchedulerFactory] [INFO] - Using default implementation for ThreadExecutor
2019-06-13-13-56 [restartedMain] [org.quartz.core.SchedulerSignalerImpl] [INFO] - Initialized Scheduler Signaller of type: class org.quartz.core.SchedulerSignalerImpl
2019-06-13-13-56 [restartedMain] [org.quartz.core.QuartzScheduler] [INFO] - Quartz Scheduler v.2.3.1 created.
2019-06-13-13-56 [restartedMain] [org.quartz.simpl.RAMJobStore] [INFO] - RAMJobStore initialized.
2019-06-13-13-56 [restartedMain] [org.quartz.core.QuartzScheduler] [INFO] - Scheduler meta-data: Quartz Scheduler (v2.3.1) 'quartzScheduler' with instanceId 'NON_CLUSTERED'
  Scheduler class: 'org.quartz.core.QuartzScheduler' - running locally.
  NOT STARTED.
  Currently in standby mode.
  Number of jobs executed: 0
  Using thread pool 'org.quartz.simpl.SimpleThreadPool' - with 10 threads.
  Using job-store 'org.quartz.simpl.RAMJobStore' - which does not support persistence. and is not clustered.

2019-06-13-13-56 [restartedMain] [org.quartz.impl.StdSchedulerFactory] [INFO] - Quartz scheduler 'quartzScheduler' initialized from an externally provided properties instance.
2019-06-13-13-56 [restartedMain] [org.quartz.impl.StdSchedulerFactory] [INFO] - Quartz scheduler version: 2.3.1
2019-06-13-13-56 [restartedMain] [org.quartz.core.QuartzScheduler] [INFO] - JobFactory set to: org.springframework.scheduling.quartz.SpringBeanJobFactory@1de5e0e
2019-06-13-13-56 [restartedMain] [org.springframework.boot.devtools.autoconfigure.OptionalLiveReloadServer] [INFO] - LiveReload server is running on port 35729
2019-06-13-13-56 [restartedMain] [org.springframework.scheduling.quartz.SchedulerFactoryBean] [INFO] - Starting Quartz Scheduler now
2019-06-13-13-56 [restartedMain] [org.quartz.core.QuartzScheduler] [INFO] - Scheduler quartzScheduler_$_NON_CLUSTERED started.
2019-06-13-13-56 [restartedMain] [org.springframework.boot.web.embedded.tomcat.TomcatWebServer] [INFO] - Tomcat started on port(s): 8090 (http) with context path '/datacenter'
2019-06-13-13-56 [restartedMain] [com.shuheng.datacenter.DatacenterApplication] [INFO] - Started DatacenterApplication in 12.656 seconds (JVM running for 13.14)
2019-06-13-13-56 [http-nio-8090-exec-2] [org.springframework.web.servlet.DispatcherServlet] [INFO] - Initializing Servlet 'dispatcherServlet'
2019-06-13-13-56 [http-nio-8090-exec-2] [org.springframework.web.servlet.DispatcherServlet] [INFO] - Completed initialization in 6 ms
2019-06-13-13-57 [background-preinit] [org.hibernate.validator.internal.util.Version] [INFO] - HV000001: Hibernate Validator 6.0.16.Final
2019-06-13-13-57 [restartedMain] [com.shuheng.datacenter.DatacenterApplication] [INFO] - Starting DatacenterApplication on SKY-20170806VLC with PID 8152 (started by Administrator in D:\Program Files\intellijEDEAworkspace\datacenter)
2019-06-13-13-57 [restartedMain] [com.shuheng.datacenter.DatacenterApplication] [INFO] - No active profile set, falling back to default profiles: default
2019-06-13-13-57 [restartedMain] [org.springframework.boot.devtools.env.DevToolsPropertyDefaultsPostProcessor] [INFO] - Devtools property defaults active! Set 'spring.devtools.add-properties' to 'false' to disable
2019-06-13-13-57 [restartedMain] [org.springframework.boot.devtools.env.DevToolsPropertyDefaultsPostProcessor] [INFO] - For additional web related logging consider setting the 'logging.level.web' property to 'DEBUG'
2019-06-13-13-57 [restartedMain] [org.mybatis.spring.mapper.ClassPathMapperScanner] [WARN] - No MyBatis mapper was found in '[mapper]' package. Please check your configuration.
2019-06-13-13-57 [restartedMain] [org.mybatis.spring.mapper.ClassPathMapperScanner] [WARN] - No MyBatis mapper was found in '[com.shuheng.datacenter]' package. Please check your configuration.
2019-06-13-13-57 [restartedMain] [org.springframework.data.repository.config.RepositoryConfigurationDelegate] [INFO] - Multiple Spring Data modules found, entering strict repository configuration mode!
2019-06-13-13-57 [restartedMain] [org.springframework.data.repository.config.RepositoryConfigurationDelegate] [INFO] - Bootstrapping Spring Data repositories in DEFAULT mode.
2019-06-13-13-57 [restartedMain] [org.springframework.data.repository.config.RepositoryConfigurationDelegate] [INFO] - Finished Spring Data repository scanning in 8ms. Found 0 repository interfaces.
2019-06-13-13-57 [restartedMain] [org.springframework.context.support.PostProcessorRegistrationDelegate$BeanPostProcessorChecker] [INFO] - Bean 'org.springframework.transaction.annotation.ProxyTransactionManagementConfiguration' of type [org.springframework.transaction.annotation.ProxyTransactionManagementConfiguration$$EnhancerBySpringCGLIB$$aa5c8bec] is not eligible for getting processed by all BeanPostProcessors (for example: not eligible for auto-proxying)
2019-06-13-13-57 [restartedMain] [org.springframework.boot.web.embedded.tomcat.TomcatWebServer] [INFO] - Tomcat initialized with port(s): 8090 (http)
2019-06-13-13-57 [restartedMain] [org.springframework.web.context.ContextLoader] [INFO] - Root WebApplicationContext: initialization completed in 1398 ms
2019-06-13-13-57 [restartedMain] [org.springframework.scheduling.concurrent.ThreadPoolTaskExecutor] [INFO] - Initializing ExecutorService 'applicationTaskExecutor'
2019-06-13-13-57 [restartedMain] [com.zaxxer.hikari.HikariDataSource] [INFO] - HikariPool-1 - Starting...
2019-06-13-13-57 [restartedMain] [com.zaxxer.hikari.HikariDataSource] [INFO] - HikariPool-1 - Start completed.
2019-06-13-13-57 [restartedMain] [org.quartz.impl.StdSchedulerFactory] [INFO] - Using default implementation for ThreadExecutor
2019-06-13-13-57 [restartedMain] [org.quartz.core.SchedulerSignalerImpl] [INFO] - Initialized Scheduler Signaller of type: class org.quartz.core.SchedulerSignalerImpl
2019-06-13-13-57 [restartedMain] [org.quartz.core.QuartzScheduler] [INFO] - Quartz Scheduler v.2.3.1 created.
2019-06-13-13-57 [restartedMain] [org.quartz.simpl.RAMJobStore] [INFO] - RAMJobStore initialized.
2019-06-13-13-57 [restartedMain] [org.quartz.core.QuartzScheduler] [INFO] - Scheduler meta-data: Quartz Scheduler (v2.3.1) 'quartzScheduler' with instanceId 'NON_CLUSTERED'
  Scheduler class: 'org.quartz.core.QuartzScheduler' - running locally.
  NOT STARTED.
  Currently in standby mode.
  Number of jobs executed: 0
  Using thread pool 'org.quartz.simpl.SimpleThreadPool' - with 10 threads.
  Using job-store 'org.quartz.simpl.RAMJobStore' - which does not support persistence. and is not clustered.

2019-06-13-13-57 [restartedMain] [org.quartz.impl.StdSchedulerFactory] [INFO] - Quartz scheduler 'quartzScheduler' initialized from an externally provided properties instance.
2019-06-13-13-57 [restartedMain] [org.quartz.impl.StdSchedulerFactory] [INFO] - Quartz scheduler version: 2.3.1
2019-06-13-13-57 [restartedMain] [org.quartz.core.QuartzScheduler] [INFO] - JobFactory set to: org.springframework.scheduling.quartz.SpringBeanJobFactory@89a2ab
2019-06-13-13-57 [restartedMain] [org.springframework.boot.devtools.autoconfigure.OptionalLiveReloadServer] [INFO] - LiveReload server is running on port 35729
2019-06-13-13-57 [restartedMain] [org.springframework.scheduling.quartz.SchedulerFactoryBean] [INFO] - Starting Quartz Scheduler now
2019-06-13-13-57 [restartedMain] [org.quartz.core.QuartzScheduler] [INFO] - Scheduler quartzScheduler_$_NON_CLUSTERED started.
2019-06-13-13-57 [restartedMain] [org.springframework.boot.web.embedded.tomcat.TomcatWebServer] [INFO] - Tomcat started on port(s): 8090 (http) with context path '/datacenter'
2019-06-13-13-57 [restartedMain] [com.shuheng.datacenter.DatacenterApplication] [INFO] - Started DatacenterApplication in 3.357 seconds (JVM running for 3.917)
2019-06-13-13-57 [http-nio-8090-exec-1] [org.springframework.web.servlet.DispatcherServlet] [INFO] - Initializing Servlet 'dispatcherServlet'
2019-06-13-13-57 [http-nio-8090-exec-1] [org.springframework.web.servlet.DispatcherServlet] [INFO] - Completed initialization in 5 ms
2019-06-13-14-16 [background-preinit] [org.hibernate.validator.internal.util.Version] [INFO] - HV000001: Hibernate Validator 6.0.16.Final
2019-06-13-14-16 [restartedMain] [com.shuheng.datacenter.DatacenterApplication] [INFO] - Starting DatacenterApplication on SKY-20170806VLC with PID 7840 (started by Administrator in D:\Program Files\intellijEDEAworkspace\datacenter)
2019-06-13-14-16 [restartedMain] [com.shuheng.datacenter.DatacenterApplication] [INFO] - No active profile set, falling back to default profiles: default
2019-06-13-14-16 [restartedMain] [org.springframework.boot.devtools.env.DevToolsPropertyDefaultsPostProcessor] [INFO] - Devtools property defaults active! Set 'spring.devtools.add-properties' to 'false' to disable
2019-06-13-14-16 [restartedMain] [org.springframework.boot.devtools.env.DevToolsPropertyDefaultsPostProcessor] [INFO] - For additional web related logging consider setting the 'logging.level.web' property to 'DEBUG'
2019-06-13-14-16 [restartedMain] [org.mybatis.spring.mapper.ClassPathMapperScanner] [WARN] - No MyBatis mapper was found in '[mapper]' package. Please check your configuration.
2019-06-13-14-16 [restartedMain] [org.mybatis.spring.mapper.ClassPathMapperScanner] [WARN] - No MyBatis mapper was found in '[com.shuheng.datacenter]' package. Please check your configuration.
2019-06-13-14-16 [restartedMain] [org.springframework.data.repository.config.RepositoryConfigurationDelegate] [INFO] - Multiple Spring Data modules found, entering strict repository configuration mode!
2019-06-13-14-16 [restartedMain] [org.springframework.data.repository.config.RepositoryConfigurationDelegate] [INFO] - Bootstrapping Spring Data repositories in DEFAULT mode.
2019-06-13-14-16 [restartedMain] [org.springframework.data.repository.config.RepositoryConfigurationDelegate] [INFO] - Finished Spring Data repository scanning in 9ms. Found 0 repository interfaces.
2019-06-13-14-16 [restartedMain] [org.springframework.context.support.PostProcessorRegistrationDelegate$BeanPostProcessorChecker] [INFO] - Bean 'org.springframework.transaction.annotation.ProxyTransactionManagementConfiguration' of type [org.springframework.transaction.annotation.ProxyTransactionManagementConfiguration$$EnhancerBySpringCGLIB$$c2753fa5] is not eligible for getting processed by all BeanPostProcessors (for example: not eligible for auto-proxying)
2019-06-13-14-16 [restartedMain] [org.springframework.boot.web.embedded.tomcat.TomcatWebServer] [INFO] - Tomcat initialized with port(s): 8090 (http)
2019-06-13-14-16 [restartedMain] [org.springframework.web.context.ContextLoader] [INFO] - Root WebApplicationContext: initialization completed in 1414 ms
2019-06-13-14-16 [restartedMain] [org.springframework.scheduling.concurrent.ThreadPoolTaskExecutor] [INFO] - Initializing ExecutorService 'applicationTaskExecutor'
2019-06-13-14-16 [restartedMain] [com.zaxxer.hikari.HikariDataSource] [INFO] - HikariPool-1 - Starting...
2019-06-13-14-16 [restartedMain] [com.zaxxer.hikari.HikariDataSource] [INFO] - HikariPool-1 - Start completed.
2019-06-13-14-16 [restartedMain] [org.quartz.impl.StdSchedulerFactory] [INFO] - Using default implementation for ThreadExecutor
2019-06-13-14-16 [restartedMain] [org.quartz.core.SchedulerSignalerImpl] [INFO] - Initialized Scheduler Signaller of type: class org.quartz.core.SchedulerSignalerImpl
2019-06-13-14-16 [restartedMain] [org.quartz.core.QuartzScheduler] [INFO] - Quartz Scheduler v.2.3.1 created.
2019-06-13-14-16 [restartedMain] [org.quartz.simpl.RAMJobStore] [INFO] - RAMJobStore initialized.
2019-06-13-14-16 [restartedMain] [org.quartz.core.QuartzScheduler] [INFO] - Scheduler meta-data: Quartz Scheduler (v2.3.1) 'quartzScheduler' with instanceId 'NON_CLUSTERED'
  Scheduler class: 'org.quartz.core.QuartzScheduler' - running locally.
  NOT STARTED.
  Currently in standby mode.
  Number of jobs executed: 0
  Using thread pool 'org.quartz.simpl.SimpleThreadPool' - with 10 threads.
  Using job-store 'org.quartz.simpl.RAMJobStore' - which does not support persistence. and is not clustered.

2019-06-13-14-16 [restartedMain] [org.quartz.impl.StdSchedulerFactory] [INFO] - Quartz scheduler 'quartzScheduler' initialized from an externally provided properties instance.
2019-06-13-14-16 [restartedMain] [org.quartz.impl.StdSchedulerFactory] [INFO] - Quartz scheduler version: 2.3.1
2019-06-13-14-16 [restartedMain] [org.quartz.core.QuartzScheduler] [INFO] - JobFactory set to: org.springframework.scheduling.quartz.SpringBeanJobFactory@19556e7
2019-06-13-14-16 [restartedMain] [org.springframework.boot.devtools.autoconfigure.OptionalLiveReloadServer] [INFO] - LiveReload server is running on port 35729
2019-06-13-14-16 [restartedMain] [org.springframework.scheduling.quartz.SchedulerFactoryBean] [INFO] - Starting Quartz Scheduler now
2019-06-13-14-16 [restartedMain] [org.quartz.core.QuartzScheduler] [INFO] - Scheduler quartzScheduler_$_NON_CLUSTERED started.
2019-06-13-14-16 [restartedMain] [org.springframework.boot.web.embedded.tomcat.TomcatWebServer] [INFO] - Tomcat started on port(s): 8090 (http) with context path '/datacenter'
2019-06-13-14-16 [restartedMain] [com.shuheng.datacenter.DatacenterApplication] [INFO] - Started DatacenterApplication in 3.337 seconds (JVM running for 3.819)
2019-06-13-14-16 [http-nio-8090-exec-1] [org.springframework.web.servlet.DispatcherServlet] [INFO] - Initializing Servlet 'dispatcherServlet'
2019-06-13-14-16 [http-nio-8090-exec-1] [org.springframework.web.servlet.DispatcherServlet] [INFO] - Completed initialization in 5 ms
2019-06-13-15-37 [background-preinit] [org.hibernate.validator.internal.util.Version] [INFO] - HV000001: Hibernate Validator 6.0.16.Final
2019-06-13-15-37 [restartedMain] [com.shuheng.datacenter.DatacenterApplication] [INFO] - Starting DatacenterApplication on SKY-20170806VLC with PID 7668 (started by Administrator in D:\Program Files\intellijEDEAworkspace\datacenter)
2019-06-13-15-37 [restartedMain] [com.shuheng.datacenter.DatacenterApplication] [INFO] - No active profile set, falling back to default profiles: default
2019-06-13-15-37 [restartedMain] [org.springframework.boot.devtools.env.DevToolsPropertyDefaultsPostProcessor] [INFO] - Devtools property defaults active! Set 'spring.devtools.add-properties' to 'false' to disable
2019-06-13-15-37 [restartedMain] [org.springframework.boot.devtools.env.DevToolsPropertyDefaultsPostProcessor] [INFO] - For additional web related logging consider setting the 'logging.level.web' property to 'DEBUG'
2019-06-13-15-37 [restartedMain] [org.mybatis.spring.mapper.ClassPathMapperScanner] [WARN] - No MyBatis mapper was found in '[mapper]' package. Please check your configuration.
2019-06-13-15-37 [restartedMain] [org.mybatis.spring.mapper.ClassPathMapperScanner] [WARN] - No MyBatis mapper was found in '[com.shuheng.datacenter]' package. Please check your configuration.
2019-06-13-15-37 [restartedMain] [org.springframework.data.repository.config.RepositoryConfigurationDelegate] [INFO] - Multiple Spring Data modules found, entering strict repository configuration mode!
2019-06-13-15-37 [restartedMain] [org.springframework.data.repository.config.RepositoryConfigurationDelegate] [INFO] - Bootstrapping Spring Data repositories in DEFAULT mode.
2019-06-13-15-37 [restartedMain] [org.springframework.data.repository.config.RepositoryConfigurationDelegate] [INFO] - Finished Spring Data repository scanning in 10ms. Found 0 repository interfaces.
2019-06-13-15-37 [restartedMain] [org.springframework.context.support.PostProcessorRegistrationDelegate$BeanPostProcessorChecker] [INFO] - Bean 'org.springframework.transaction.annotation.ProxyTransactionManagementConfiguration' of type [org.springframework.transaction.annotation.ProxyTransactionManagementConfiguration$$EnhancerBySpringCGLIB$$e010dfda] is not eligible for getting processed by all BeanPostProcessors (for example: not eligible for auto-proxying)
2019-06-13-15-37 [restartedMain] [org.springframework.boot.web.embedded.tomcat.TomcatWebServer] [INFO] - Tomcat initialized with port(s): 8090 (http)
2019-06-13-15-37 [restartedMain] [org.springframework.web.context.ContextLoader] [INFO] - Root WebApplicationContext: initialization completed in 1392 ms
2019-06-13-15-37 [restartedMain] [org.springframework.scheduling.concurrent.ThreadPoolTaskExecutor] [INFO] - Initializing ExecutorService 'applicationTaskExecutor'
2019-06-13-15-37 [restartedMain] [com.zaxxer.hikari.HikariDataSource] [INFO] - HikariPool-1 - Starting...
2019-06-13-15-37 [restartedMain] [com.zaxxer.hikari.HikariDataSource] [INFO] - HikariPool-1 - Start completed.
2019-06-13-15-37 [restartedMain] [org.quartz.impl.StdSchedulerFactory] [INFO] - Using default implementation for ThreadExecutor
2019-06-13-15-37 [restartedMain] [org.quartz.core.SchedulerSignalerImpl] [INFO] - Initialized Scheduler Signaller of type: class org.quartz.core.SchedulerSignalerImpl
2019-06-13-15-37 [restartedMain] [org.quartz.core.QuartzScheduler] [INFO] - Quartz Scheduler v.2.3.1 created.
2019-06-13-15-37 [restartedMain] [org.quartz.simpl.RAMJobStore] [INFO] - RAMJobStore initialized.
2019-06-13-15-37 [restartedMain] [org.quartz.core.QuartzScheduler] [INFO] - Scheduler meta-data: Quartz Scheduler (v2.3.1) 'quartzScheduler' with instanceId 'NON_CLUSTERED'
  Scheduler class: 'org.quartz.core.QuartzScheduler' - running locally.
  NOT STARTED.
  Currently in standby mode.
  Number of jobs executed: 0
  Using thread pool 'org.quartz.simpl.SimpleThreadPool' - with 10 threads.
  Using job-store 'org.quartz.simpl.RAMJobStore' - which does not support persistence. and is not clustered.

2019-06-13-15-37 [restartedMain] [org.quartz.impl.StdSchedulerFactory] [INFO] - Quartz scheduler 'quartzScheduler' initialized from an externally provided properties instance.
2019-06-13-15-37 [restartedMain] [org.quartz.impl.StdSchedulerFactory] [INFO] - Quartz scheduler version: 2.3.1
2019-06-13-15-37 [restartedMain] [org.quartz.core.QuartzScheduler] [INFO] - JobFactory set to: org.springframework.scheduling.quartz.SpringBeanJobFactory@bdaccc
2019-06-13-15-37 [restartedMain] [org.springframework.boot.devtools.autoconfigure.OptionalLiveReloadServer] [INFO] - LiveReload server is running on port 35729
2019-06-13-15-37 [restartedMain] [org.springframework.scheduling.quartz.SchedulerFactoryBean] [INFO] - Starting Quartz Scheduler now
2019-06-13-15-37 [restartedMain] [org.quartz.core.QuartzScheduler] [INFO] - Scheduler quartzScheduler_$_NON_CLUSTERED started.
2019-06-13-15-37 [restartedMain] [org.springframework.boot.web.embedded.tomcat.TomcatWebServer] [INFO] - Tomcat started on port(s): 8090 (http) with context path '/datacenter'
2019-06-13-15-37 [restartedMain] [com.shuheng.datacenter.DatacenterApplication] [INFO] - Started DatacenterApplication in 3.354 seconds (JVM running for 3.848)
2019-06-13-15-38 [http-nio-8090-exec-1] [org.springframework.web.servlet.DispatcherServlet] [INFO] - Initializing Servlet 'dispatcherServlet'
2019-06-13-15-38 [http-nio-8090-exec-1] [org.springframework.web.servlet.DispatcherServlet] [INFO] - Completed initialization in 5 ms
2019-06-13-15-38 [background-preinit] [org.hibernate.validator.internal.util.Version] [INFO] - HV000001: Hibernate Validator 6.0.16.Final
2019-06-13-15-38 [restartedMain] [com.shuheng.datacenter.DatacenterApplication] [INFO] - Starting DatacenterApplication on SKY-20170806VLC with PID 7820 (started by Administrator in D:\Program Files\intellijEDEAworkspace\datacenter)
2019-06-13-15-38 [restartedMain] [com.shuheng.datacenter.DatacenterApplication] [INFO] - No active profile set, falling back to default profiles: default
2019-06-13-15-38 [restartedMain] [org.springframework.boot.devtools.env.DevToolsPropertyDefaultsPostProcessor] [INFO] - Devtools property defaults active! Set 'spring.devtools.add-properties' to 'false' to disable
2019-06-13-15-38 [restartedMain] [org.springframework.boot.devtools.env.DevToolsPropertyDefaultsPostProcessor] [INFO] - For additional web related logging consider setting the 'logging.level.web' property to 'DEBUG'
2019-06-13-15-38 [restartedMain] [org.mybatis.spring.mapper.ClassPathMapperScanner] [WARN] - No MyBatis mapper was found in '[mapper]' package. Please check your configuration.
2019-06-13-15-38 [restartedMain] [org.mybatis.spring.mapper.ClassPathMapperScanner] [WARN] - No MyBatis mapper was found in '[com.shuheng.datacenter]' package. Please check your configuration.
2019-06-13-15-38 [restartedMain] [org.springframework.data.repository.config.RepositoryConfigurationDelegate] [INFO] - Multiple Spring Data modules found, entering strict repository configuration mode!
2019-06-13-15-38 [restartedMain] [org.springframework.data.repository.config.RepositoryConfigurationDelegate] [INFO] - Bootstrapping Spring Data repositories in DEFAULT mode.
2019-06-13-15-38 [restartedMain] [org.springframework.data.repository.config.RepositoryConfigurationDelegate] [INFO] - Finished Spring Data repository scanning in 10ms. Found 0 repository interfaces.
2019-06-13-15-38 [restartedMain] [org.springframework.context.support.PostProcessorRegistrationDelegate$BeanPostProcessorChecker] [INFO] - Bean 'org.springframework.transaction.annotation.ProxyTransactionManagementConfiguration' of type [org.springframework.transaction.annotation.ProxyTransactionManagementConfiguration$$EnhancerBySpringCGLIB$$df173d6b] is not eligible for getting processed by all BeanPostProcessors (for example: not eligible for auto-proxying)
2019-06-13-15-38 [restartedMain] [org.springframework.boot.web.embedded.tomcat.TomcatWebServer] [INFO] - Tomcat initialized with port(s): 8090 (http)
2019-06-13-15-38 [restartedMain] [org.springframework.web.context.ContextLoader] [INFO] - Root WebApplicationContext: initialization completed in 1366 ms
2019-06-13-15-38 [restartedMain] [org.springframework.scheduling.concurrent.ThreadPoolTaskExecutor] [INFO] - Initializing ExecutorService 'applicationTaskExecutor'
2019-06-13-15-38 [restartedMain] [com.zaxxer.hikari.HikariDataSource] [INFO] - HikariPool-1 - Starting...
2019-06-13-15-38 [restartedMain] [com.zaxxer.hikari.HikariDataSource] [INFO] - HikariPool-1 - Start completed.
2019-06-13-15-38 [restartedMain] [org.quartz.impl.StdSchedulerFactory] [INFO] - Using default implementation for ThreadExecutor
2019-06-13-15-38 [restartedMain] [org.quartz.core.SchedulerSignalerImpl] [INFO] - Initialized Scheduler Signaller of type: class org.quartz.core.SchedulerSignalerImpl
2019-06-13-15-38 [restartedMain] [org.quartz.core.QuartzScheduler] [INFO] - Quartz Scheduler v.2.3.1 created.
2019-06-13-15-38 [restartedMain] [org.quartz.simpl.RAMJobStore] [INFO] - RAMJobStore initialized.
2019-06-13-15-38 [restartedMain] [org.quartz.core.QuartzScheduler] [INFO] - Scheduler meta-data: Quartz Scheduler (v2.3.1) 'quartzScheduler' with instanceId 'NON_CLUSTERED'
  Scheduler class: 'org.quartz.core.QuartzScheduler' - running locally.
  NOT STARTED.
  Currently in standby mode.
  Number of jobs executed: 0
  Using thread pool 'org.quartz.simpl.SimpleThreadPool' - with 10 threads.
  Using job-store 'org.quartz.simpl.RAMJobStore' - which does not support persistence. and is not clustered.

2019-06-13-15-38 [restartedMain] [org.quartz.impl.StdSchedulerFactory] [INFO] - Quartz scheduler 'quartzScheduler' initialized from an externally provided properties instance.
2019-06-13-15-38 [restartedMain] [org.quartz.impl.StdSchedulerFactory] [INFO] - Quartz scheduler version: 2.3.1
2019-06-13-15-38 [restartedMain] [org.quartz.core.QuartzScheduler] [INFO] - JobFactory set to: org.springframework.scheduling.quartz.SpringBeanJobFactory@5ad0f2
2019-06-13-15-38 [restartedMain] [org.springframework.boot.devtools.autoconfigure.OptionalLiveReloadServer] [INFO] - LiveReload server is running on port 35729
2019-06-13-15-38 [restartedMain] [org.springframework.scheduling.quartz.SchedulerFactoryBean] [INFO] - Starting Quartz Scheduler now
2019-06-13-15-38 [restartedMain] [org.quartz.core.QuartzScheduler] [INFO] - Scheduler quartzScheduler_$_NON_CLUSTERED started.
2019-06-13-15-38 [restartedMain] [org.springframework.boot.web.embedded.tomcat.TomcatWebServer] [INFO] - Tomcat started on port(s): 8090 (http) with context path '/datacenter'
2019-06-13-15-38 [restartedMain] [com.shuheng.datacenter.DatacenterApplication] [INFO] - Started DatacenterApplication in 3.362 seconds (JVM running for 3.936)
2019-06-13-15-43 [background-preinit] [org.hibernate.validator.internal.util.Version] [INFO] - HV000001: Hibernate Validator 6.0.16.Final
2019-06-13-15-43 [restartedMain] [com.shuheng.datacenter.DatacenterApplication] [INFO] - Starting DatacenterApplication on SKY-20170806VLC with PID 7628 (started by Administrator in D:\Program Files\intellijEDEAworkspace\datacenter)
2019-06-13-15-43 [restartedMain] [com.shuheng.datacenter.DatacenterApplication] [INFO] - No active profile set, falling back to default profiles: default
2019-06-13-15-43 [restartedMain] [org.springframework.boot.devtools.env.DevToolsPropertyDefaultsPostProcessor] [INFO] - Devtools property defaults active! Set 'spring.devtools.add-properties' to 'false' to disable
2019-06-13-15-43 [restartedMain] [org.springframework.boot.devtools.env.DevToolsPropertyDefaultsPostProcessor] [INFO] - For additional web related logging consider setting the 'logging.level.web' property to 'DEBUG'
2019-06-13-15-43 [restartedMain] [org.mybatis.spring.mapper.ClassPathMapperScanner] [WARN] - No MyBatis mapper was found in '[mapper]' package. Please check your configuration.
2019-06-13-15-43 [restartedMain] [org.mybatis.spring.mapper.ClassPathMapperScanner] [WARN] - No MyBatis mapper was found in '[com.shuheng.datacenter]' package. Please check your configuration.
2019-06-13-15-43 [restartedMain] [org.springframework.data.repository.config.RepositoryConfigurationDelegate] [INFO] - Multiple Spring Data modules found, entering strict repository configuration mode!
2019-06-13-15-43 [restartedMain] [org.springframework.data.repository.config.RepositoryConfigurationDelegate] [INFO] - Bootstrapping Spring Data repositories in DEFAULT mode.
2019-06-13-15-43 [restartedMain] [org.springframework.data.repository.config.RepositoryConfigurationDelegate] [INFO] - Finished Spring Data repository scanning in 9ms. Found 0 repository interfaces.
2019-06-13-15-43 [restartedMain] [org.springframework.context.support.PostProcessorRegistrationDelegate$BeanPostProcessorChecker] [INFO] - Bean 'org.springframework.transaction.annotation.ProxyTransactionManagementConfiguration' of type [org.springframework.transaction.annotation.ProxyTransactionManagementConfiguration$$EnhancerBySpringCGLIB$$5f61fbaa] is not eligible for getting processed by all BeanPostProcessors (for example: not eligible for auto-proxying)
2019-06-13-15-43 [restartedMain] [org.springframework.boot.web.embedded.tomcat.TomcatWebServer] [INFO] - Tomcat initialized with port(s): 8090 (http)
2019-06-13-15-43 [restartedMain] [org.springframework.web.context.ContextLoader] [INFO] - Root WebApplicationContext: initialization completed in 1446 ms
2019-06-13-15-43 [restartedMain] [org.springframework.scheduling.concurrent.ThreadPoolTaskExecutor] [INFO] - Initializing ExecutorService 'applicationTaskExecutor'
2019-06-13-15-43 [restartedMain] [com.zaxxer.hikari.HikariDataSource] [INFO] - HikariPool-1 - Starting...
2019-06-13-15-43 [restartedMain] [com.zaxxer.hikari.HikariDataSource] [INFO] - HikariPool-1 - Start completed.
2019-06-13-15-43 [restartedMain] [org.quartz.impl.StdSchedulerFactory] [INFO] - Using default implementation for ThreadExecutor
2019-06-13-15-43 [restartedMain] [org.quartz.core.SchedulerSignalerImpl] [INFO] - Initialized Scheduler Signaller of type: class org.quartz.core.SchedulerSignalerImpl
2019-06-13-15-43 [restartedMain] [org.quartz.core.QuartzScheduler] [INFO] - Quartz Scheduler v.2.3.1 created.
2019-06-13-15-43 [restartedMain] [org.quartz.simpl.RAMJobStore] [INFO] - RAMJobStore initialized.
2019-06-13-15-43 [restartedMain] [org.quartz.core.QuartzScheduler] [INFO] - Scheduler meta-data: Quartz Scheduler (v2.3.1) 'quartzScheduler' with instanceId 'NON_CLUSTERED'
  Scheduler class: 'org.quartz.core.QuartzScheduler' - running locally.
  NOT STARTED.
  Currently in standby mode.
  Number of jobs executed: 0
  Using thread pool 'org.quartz.simpl.SimpleThreadPool' - with 10 threads.
  Using job-store 'org.quartz.simpl.RAMJobStore' - which does not support persistence. and is not clustered.

2019-06-13-15-43 [restartedMain] [org.quartz.impl.StdSchedulerFactory] [INFO] - Quartz scheduler 'quartzScheduler' initialized from an externally provided properties instance.
2019-06-13-15-43 [restartedMain] [org.quartz.impl.StdSchedulerFactory] [INFO] - Quartz scheduler version: 2.3.1
2019-06-13-15-43 [restartedMain] [org.quartz.core.QuartzScheduler] [INFO] - JobFactory set to: org.springframework.scheduling.quartz.SpringBeanJobFactory@1bfdda
2019-06-13-15-43 [restartedMain] [org.springframework.boot.devtools.autoconfigure.OptionalLiveReloadServer] [INFO] - LiveReload server is running on port 35729
2019-06-13-15-43 [restartedMain] [org.springframework.scheduling.quartz.SchedulerFactoryBean] [INFO] - Starting Quartz Scheduler now
2019-06-13-15-43 [restartedMain] [org.quartz.core.QuartzScheduler] [INFO] - Scheduler quartzScheduler_$_NON_CLUSTERED started.
2019-06-13-15-43 [restartedMain] [org.springframework.boot.web.embedded.tomcat.TomcatWebServer] [INFO] - Tomcat started on port(s): 8090 (http) with context path '/datacenter'
2019-06-13-15-43 [restartedMain] [com.shuheng.datacenter.DatacenterApplication] [INFO] - Started DatacenterApplication in 3.381 seconds (JVM running for 3.907)
2019-06-13-15-43 [http-nio-8090-exec-1] [org.springframework.web.servlet.DispatcherServlet] [INFO] - Initializing Servlet 'dispatcherServlet'
2019-06-13-15-43 [http-nio-8090-exec-1] [org.springframework.web.servlet.DispatcherServlet] [INFO] - Completed initialization in 6 ms
2019-06-13-16-15 [background-preinit] [org.hibernate.validator.internal.util.Version] [INFO] - HV000001: Hibernate Validator 6.0.16.Final
2019-06-13-16-15 [restartedMain] [com.shuheng.datacenter.DatacenterApplication] [INFO] - Starting DatacenterApplication on SKY-20170806VLC with PID 8836 (started by Administrator in D:\Program Files\intellijEDEAworkspace\datacenter)
2019-06-13-16-15 [restartedMain] [com.shuheng.datacenter.DatacenterApplication] [INFO] - No active profile set, falling back to default profiles: default
2019-06-13-16-15 [restartedMain] [org.springframework.boot.devtools.env.DevToolsPropertyDefaultsPostProcessor] [INFO] - Devtools property defaults active! Set 'spring.devtools.add-properties' to 'false' to disable
2019-06-13-16-15 [restartedMain] [org.springframework.boot.devtools.env.DevToolsPropertyDefaultsPostProcessor] [INFO] - For additional web related logging consider setting the 'logging.level.web' property to 'DEBUG'
2019-06-13-16-15 [restartedMain] [org.mybatis.spring.mapper.ClassPathMapperScanner] [WARN] - No MyBatis mapper was found in '[mapper]' package. Please check your configuration.
2019-06-13-16-15 [restartedMain] [org.mybatis.spring.mapper.ClassPathMapperScanner] [WARN] - No MyBatis mapper was found in '[com.shuheng.datacenter]' package. Please check your configuration.
2019-06-13-16-15 [restartedMain] [org.springframework.data.repository.config.RepositoryConfigurationDelegate] [INFO] - Multiple Spring Data modules found, entering strict repository configuration mode!
2019-06-13-16-15 [restartedMain] [org.springframework.data.repository.config.RepositoryConfigurationDelegate] [INFO] - Bootstrapping Spring Data repositories in DEFAULT mode.
2019-06-13-16-15 [restartedMain] [org.springframework.data.repository.config.RepositoryConfigurationDelegate] [INFO] - Finished Spring Data repository scanning in 9ms. Found 0 repository interfaces.
2019-06-13-16-15 [restartedMain] [org.springframework.context.support.PostProcessorRegistrationDelegate$BeanPostProcessorChecker] [INFO] - Bean 'org.springframework.transaction.annotation.ProxyTransactionManagementConfiguration' of type [org.springframework.transaction.annotation.ProxyTransactionManagementConfiguration$$EnhancerBySpringCGLIB$$3c0167cf] is not eligible for getting processed by all BeanPostProcessors (for example: not eligible for auto-proxying)
2019-06-13-16-15 [restartedMain] [org.springframework.boot.web.embedded.tomcat.TomcatWebServer] [INFO] - Tomcat initialized with port(s): 8090 (http)
2019-06-13-16-15 [restartedMain] [org.springframework.web.context.ContextLoader] [INFO] - Root WebApplicationContext: initialization completed in 1425 ms
2019-06-13-16-15 [restartedMain] [org.springframework.boot.web.servlet.context.AnnotationConfigServletWebServerApplicationContext] [WARN] - Exception encountered during context initialization - cancelling refresh attempt: org.springframework.beans.factory.BeanCreationException: Error creating bean with name 'appUserApi': Injection of resource dependencies failed; nested exception is org.springframework.beans.factory.BeanCreationException: Error creating bean with name 'appUserService': Injection of resource dependencies failed; nested exception is org.springframework.beans.factory.BeanCreationException: Error creating bean with name 'daoSupport': Injection of resource dependencies failed; nested exception is org.springframework.beans.factory.UnsatisfiedDependencyException: Error creating bean with name 'sqlSessionTemplate' defined in class path resource [org/mybatis/spring/boot/autoconfigure/MybatisAutoConfiguration.class]: Unsatisfied dependency expressed through method 'sqlSessionTemplate' parameter 0; nested exception is org.springframework.beans.factory.BeanCreationException: Error creating bean with name 'sqlSessionFactory' defined in class path resource [org/mybatis/spring/boot/autoconfigure/MybatisAutoConfiguration.class]: Bean instantiation via factory method failed; nested exception is org.springframework.beans.BeanInstantiationException: Failed to instantiate [org.apache.ibatis.session.SqlSessionFactory]: Factory method 'sqlSessionFactory' threw exception; nested exception is org.springframework.core.NestedIOException: Failed to parse mapping resource: 'file [D:\Program Files\intellijEDEAworkspace\datacenter\target\classes\mapper\cadersAssociation\CadersAssociationMapper.xml]'; nested exception is org.apache.ibatis.builder.BuilderException: Error parsing Mapper XML. The XML location is 'file [D:\Program Files\intellijEDEAworkspace\datacenter\target\classes\mapper\cadersAssociation\CadersAssociationMapper.xml]'. Cause: java.lang.IllegalArgumentException: Mapped Statements collection already contains value for CadersAssociationMapper.listCadersAssociation. please check file [D:\Program Files\intellijEDEAworkspace\datacenter\target\classes\mapper\cadersAssociation\CadersAssociationMapper.xml] and file [D:\Program Files\intellijEDEAworkspace\datacenter\target\classes\mapper\cadersAssociation\CadersAssociationMapper.xml]
2019-06-13-16-15 [restartedMain] [org.springframework.boot.autoconfigure.logging.ConditionEvaluationReportLoggingListener] [INFO] - 

Error starting ApplicationContext. To display the conditions report re-run your application with 'debug' enabled.
2019-06-13-16-15 [restartedMain] [org.springframework.boot.SpringApplication] [ERROR] - Application run failed
org.springframework.beans.factory.BeanCreationException: Error creating bean with name 'appUserApi': Injection of resource dependencies failed; nested exception is org.springframework.beans.factory.BeanCreationException: Error creating bean with name 'appUserService': Injection of resource dependencies failed; nested exception is org.springframework.beans.factory.BeanCreationException: Error creating bean with name 'daoSupport': Injection of resource dependencies failed; nested exception is org.springframework.beans.factory.UnsatisfiedDependencyException: Error creating bean with name 'sqlSessionTemplate' defined in class path resource [org/mybatis/spring/boot/autoconfigure/MybatisAutoConfiguration.class]: Unsatisfied dependency expressed through method 'sqlSessionTemplate' parameter 0; nested exception is org.springframework.beans.factory.BeanCreationException: Error creating bean with name 'sqlSessionFactory' defined in class path resource [org/mybatis/spring/boot/autoconfigure/MybatisAutoConfiguration.class]: Bean instantiation via factory method failed; nested exception is org.springframework.beans.BeanInstantiationException: Failed to instantiate [org.apache.ibatis.session.SqlSessionFactory]: Factory method 'sqlSessionFactory' threw exception; nested exception is org.springframework.core.NestedIOException: Failed to parse mapping resource: 'file [D:\Program Files\intellijEDEAworkspace\datacenter\target\classes\mapper\cadersAssociation\CadersAssociationMapper.xml]'; nested exception is org.apache.ibatis.builder.BuilderException: Error parsing Mapper XML. The XML location is 'file [D:\Program Files\intellijEDEAworkspace\datacenter\target\classes\mapper\cadersAssociation\CadersAssociationMapper.xml]'. Cause: java.lang.IllegalArgumentException: Mapped Statements collection already contains value for CadersAssociationMapper.listCadersAssociation. please check file [D:\Program Files\intellijEDEAworkspace\datacenter\target\classes\mapper\cadersAssociation\CadersAssociationMapper.xml] and file [D:\Program Files\intellijEDEAworkspace\datacenter\target\classes\mapper\cadersAssociation\CadersAssociationMapper.xml]
	at org.springframework.context.annotation.CommonAnnotationBeanPostProcessor.postProcessProperties(CommonAnnotationBeanPostProcessor.java:324)
	at org.springframework.beans.factory.support.AbstractAutowireCapableBeanFactory.populateBean(AbstractAutowireCapableBeanFactory.java:1411)
	at org.springframework.beans.factory.support.AbstractAutowireCapableBeanFactory.doCreateBean(AbstractAutowireCapableBeanFactory.java:592)
	at org.springframework.beans.factory.support.AbstractAutowireCapableBeanFactory.createBean(AbstractAutowireCapableBeanFactory.java:515)
	at org.springframework.beans.factory.support.AbstractBeanFactory.lambda$doGetBean$0(AbstractBeanFactory.java:320)
	at org.springframework.beans.factory.support.DefaultSingletonBeanRegistry.getSingleton(DefaultSingletonBeanRegistry.java:222)
	at org.springframework.beans.factory.support.AbstractBeanFactory.doGetBean(AbstractBeanFactory.java:318)
	at org.springframework.beans.factory.support.AbstractBeanFactory.getBean(AbstractBeanFactory.java:199)
	at org.springframework.beans.factory.support.DefaultListableBeanFactory.preInstantiateSingletons(DefaultListableBeanFactory.java:843)
	at org.springframework.context.support.AbstractApplicationContext.finishBeanFactoryInitialization(AbstractApplicationContext.java:877)
	at org.springframework.context.support.AbstractApplicationContext.refresh(AbstractApplicationContext.java:549)
	at org.springframework.boot.web.servlet.context.ServletWebServerApplicationContext.refresh(ServletWebServerApplicationContext.java:142)
	at org.springframework.boot.SpringApplication.refresh(SpringApplication.java:775)
	at org.springframework.boot.SpringApplication.refreshContext(SpringApplication.java:397)
	at org.springframework.boot.SpringApplication.run(SpringApplication.java:316)
	at org.springframework.boot.SpringApplication.run(SpringApplication.java:1260)
	at org.springframework.boot.SpringApplication.run(SpringApplication.java:1248)
	at com.shuheng.datacenter.DatacenterApplication.main(DatacenterApplication.java:14)
	at sun.reflect.NativeMethodAccessorImpl.invoke0(Native Method)
	at sun.reflect.NativeMethodAccessorImpl.invoke(NativeMethodAccessorImpl.java:62)
	at sun.reflect.DelegatingMethodAccessorImpl.invoke(DelegatingMethodAccessorImpl.java:43)
	at java.lang.reflect.Method.invoke(Method.java:498)
	at org.springframework.boot.devtools.restart.RestartLauncher.run(RestartLauncher.java:49)
Caused by: org.springframework.beans.factory.BeanCreationException: Error creating bean with name 'appUserService': Injection of resource dependencies failed; nested exception is org.springframework.beans.factory.BeanCreationException: Error creating bean with name 'daoSupport': Injection of resource dependencies failed; nested exception is org.springframework.beans.factory.UnsatisfiedDependencyException: Error creating bean with name 'sqlSessionTemplate' defined in class path resource [org/mybatis/spring/boot/autoconfigure/MybatisAutoConfiguration.class]: Unsatisfied dependency expressed through method 'sqlSessionTemplate' parameter 0; nested exception is org.springframework.beans.factory.BeanCreationException: Error creating bean with name 'sqlSessionFactory' defined in class path resource [org/mybatis/spring/boot/autoconfigure/MybatisAutoConfiguration.class]: Bean instantiation via factory method failed; nested exception is org.springframework.beans.BeanInstantiationException: Failed to instantiate [org.apache.ibatis.session.SqlSessionFactory]: Factory method 'sqlSessionFactory' threw exception; nested exception is org.springframework.core.NestedIOException: Failed to parse mapping resource: 'file [D:\Program Files\intellijEDEAworkspace\datacenter\target\classes\mapper\cadersAssociation\CadersAssociationMapper.xml]'; nested exception is org.apache.ibatis.builder.BuilderException: Error parsing Mapper XML. The XML location is 'file [D:\Program Files\intellijEDEAworkspace\datacenter\target\classes\mapper\cadersAssociation\CadersAssociationMapper.xml]'. Cause: java.lang.IllegalArgumentException: Mapped Statements collection already contains value for CadersAssociationMapper.listCadersAssociation. please check file [D:\Program Files\intellijEDEAworkspace\datacenter\target\classes\mapper\cadersAssociation\CadersAssociationMapper.xml] and file [D:\Program Files\intellijEDEAworkspace\datacenter\target\classes\mapper\cadersAssociation\CadersAssociationMapper.xml]
	at org.springframework.context.annotation.CommonAnnotationBeanPostProcessor.postProcessProperties(CommonAnnotationBeanPostProcessor.java:324)
	at org.springframework.beans.factory.support.AbstractAutowireCapableBeanFactory.populateBean(AbstractAutowireCapableBeanFactory.java:1411)
	at org.springframework.beans.factory.support.AbstractAutowireCapableBeanFactory.doCreateBean(AbstractAutowireCapableBeanFactory.java:592)
	at org.springframework.beans.factory.support.AbstractAutowireCapableBeanFactory.createBean(AbstractAutowireCapableBeanFactory.java:515)
	at org.springframework.beans.factory.support.AbstractBeanFactory.lambda$doGetBean$0(AbstractBeanFactory.java:320)
	at org.springframework.beans.factory.support.DefaultSingletonBeanRegistry.getSingleton(DefaultSingletonBeanRegistry.java:222)
	at org.springframework.beans.factory.support.AbstractBeanFactory.doGetBean(AbstractBeanFactory.java:318)
	at org.springframework.beans.factory.support.AbstractBeanFactory.getBean(AbstractBeanFactory.java:204)
	at org.springframework.beans.factory.support.AbstractAutowireCapableBeanFactory.resolveBeanByName(AbstractAutowireCapableBeanFactory.java:452)
	at org.springframework.context.annotation.CommonAnnotationBeanPostProcessor.autowireResource(CommonAnnotationBeanPostProcessor.java:526)
	at org.springframework.context.annotation.CommonAnnotationBeanPostProcessor.getResource(CommonAnnotationBeanPostProcessor.java:496)
	at org.springframework.context.annotation.CommonAnnotationBeanPostProcessor$ResourceElement.getResourceToInject(CommonAnnotationBeanPostProcessor.java:636)
	at org.springframework.beans.factory.annotation.InjectionMetadata$InjectedElement.inject(InjectionMetadata.java:180)
	at org.springframework.beans.factory.annotation.InjectionMetadata.inject(InjectionMetadata.java:90)
	at org.springframework.context.annotation.CommonAnnotationBeanPostProcessor.postProcessProperties(CommonAnnotationBeanPostProcessor.java:321)
	... 22 more
Caused by: org.springframework.beans.factory.BeanCreationException: Error creating bean with name 'daoSupport': Injection of resource dependencies failed; nested exception is org.springframework.beans.factory.UnsatisfiedDependencyException: Error creating bean with name 'sqlSessionTemplate' defined in class path resource [org/mybatis/spring/boot/autoconfigure/MybatisAutoConfiguration.class]: Unsatisfied dependency expressed through method 'sqlSessionTemplate' parameter 0; nested exception is org.springframework.beans.factory.BeanCreationException: Error creating bean with name 'sqlSessionFactory' defined in class path resource [org/mybatis/spring/boot/autoconfigure/MybatisAutoConfiguration.class]: Bean instantiation via factory method failed; nested exception is org.springframework.beans.BeanInstantiationException: Failed to instantiate [org.apache.ibatis.session.SqlSessionFactory]: Factory method 'sqlSessionFactory' threw exception; nested exception is org.springframework.core.NestedIOException: Failed to parse mapping resource: 'file [D:\Program Files\intellijEDEAworkspace\datacenter\target\classes\mapper\cadersAssociation\CadersAssociationMapper.xml]'; nested exception is org.apache.ibatis.builder.BuilderException: Error parsing Mapper XML. The XML location is 'file [D:\Program Files\intellijEDEAworkspace\datacenter\target\classes\mapper\cadersAssociation\CadersAssociationMapper.xml]'. Cause: java.lang.IllegalArgumentException: Mapped Statements collection already contains value for CadersAssociationMapper.listCadersAssociation. please check file [D:\Program Files\intellijEDEAworkspace\datacenter\target\classes\mapper\cadersAssociation\CadersAssociationMapper.xml] and file [D:\Program Files\intellijEDEAworkspace\datacenter\target\classes\mapper\cadersAssociation\CadersAssociationMapper.xml]
	at org.springframework.context.annotation.CommonAnnotationBeanPostProcessor.postProcessProperties(CommonAnnotationBeanPostProcessor.java:324)
	at org.springframework.beans.factory.support.AbstractAutowireCapableBeanFactory.populateBean(AbstractAutowireCapableBeanFactory.java:1411)
	at org.springframework.beans.factory.support.AbstractAutowireCapableBeanFactory.doCreateBean(AbstractAutowireCapableBeanFactory.java:592)
	at org.springframework.beans.factory.support.AbstractAutowireCapableBeanFactory.createBean(AbstractAutowireCapableBeanFactory.java:515)
	at org.springframework.beans.factory.support.AbstractBeanFactory.lambda$doGetBean$0(AbstractBeanFactory.java:320)
	at org.springframework.beans.factory.support.DefaultSingletonBeanRegistry.getSingleton(DefaultSingletonBeanRegistry.java:222)
	at org.springframework.beans.factory.support.AbstractBeanFactory.doGetBean(AbstractBeanFactory.java:318)
	at org.springframework.beans.factory.support.AbstractBeanFactory.getBean(AbstractBeanFactory.java:204)
	at org.springframework.beans.factory.support.AbstractAutowireCapableBeanFactory.resolveBeanByName(AbstractAutowireCapableBeanFactory.java:452)
	at org.springframework.context.annotation.CommonAnnotationBeanPostProcessor.autowireResource(CommonAnnotationBeanPostProcessor.java:526)
	at org.springframework.context.annotation.CommonAnnotationBeanPostProcessor.getResource(CommonAnnotationBeanPostProcessor.java:496)
	at org.springframework.context.annotation.CommonAnnotationBeanPostProcessor$ResourceElement.getResourceToInject(CommonAnnotationBeanPostProcessor.java:636)
	at org.springframework.beans.factory.annotation.InjectionMetadata$InjectedElement.inject(InjectionMetadata.java:180)
	at org.springframework.beans.factory.annotation.InjectionMetadata.inject(InjectionMetadata.java:90)
	at org.springframework.context.annotation.CommonAnnotationBeanPostProcessor.postProcessProperties(CommonAnnotationBeanPostProcessor.java:321)
	... 36 more
Caused by: org.springframework.beans.factory.UnsatisfiedDependencyException: Error creating bean with name 'sqlSessionTemplate' defined in class path resource [org/mybatis/spring/boot/autoconfigure/MybatisAutoConfiguration.class]: Unsatisfied dependency expressed through method 'sqlSessionTemplate' parameter 0; nested exception is org.springframework.beans.factory.BeanCreationException: Error creating bean with name 'sqlSessionFactory' defined in class path resource [org/mybatis/spring/boot/autoconfigure/MybatisAutoConfiguration.class]: Bean instantiation via factory method failed; nested exception is org.springframework.beans.BeanInstantiationException: Failed to instantiate [org.apache.ibatis.session.SqlSessionFactory]: Factory method 'sqlSessionFactory' threw exception; nested exception is org.springframework.core.NestedIOException: Failed to parse mapping resource: 'file [D:\Program Files\intellijEDEAworkspace\datacenter\target\classes\mapper\cadersAssociation\CadersAssociationMapper.xml]'; nested exception is org.apache.ibatis.builder.BuilderException: Error parsing Mapper XML. The XML location is 'file [D:\Program Files\intellijEDEAworkspace\datacenter\target\classes\mapper\cadersAssociation\CadersAssociationMapper.xml]'. Cause: java.lang.IllegalArgumentException: Mapped Statements collection already contains value for CadersAssociationMapper.listCadersAssociation. please check file [D:\Program Files\intellijEDEAworkspace\datacenter\target\classes\mapper\cadersAssociation\CadersAssociationMapper.xml] and file [D:\Program Files\intellijEDEAworkspace\datacenter\target\classes\mapper\cadersAssociation\CadersAssociationMapper.xml]
	at org.springframework.beans.factory.support.ConstructorResolver.createArgumentArray(ConstructorResolver.java:769)
	at org.springframework.beans.factory.support.ConstructorResolver.instantiateUsingFactoryMethod(ConstructorResolver.java:509)
	at org.springframework.beans.factory.support.AbstractAutowireCapableBeanFactory.instantiateUsingFactoryMethod(AbstractAutowireCapableBeanFactory.java:1321)
	at org.springframework.beans.factory.support.AbstractAutowireCapableBeanFactory.createBeanInstance(AbstractAutowireCapableBeanFactory.java:1160)
	at org.springframework.beans.factory.support.AbstractAutowireCapableBeanFactory.doCreateBean(AbstractAutowireCapableBeanFactory.java:555)
	at org.springframework.beans.factory.support.AbstractAutowireCapableBeanFactory.createBean(AbstractAutowireCapableBeanFactory.java:515)
	at org.springframework.beans.factory.support.AbstractBeanFactory.lambda$doGetBean$0(AbstractBeanFactory.java:320)
	at org.springframework.beans.factory.support.DefaultSingletonBeanRegistry.getSingleton(DefaultSingletonBeanRegistry.java:222)
	at org.springframework.beans.factory.support.AbstractBeanFactory.doGetBean(AbstractBeanFactory.java:318)
	at org.springframework.beans.factory.support.AbstractBeanFactory.getBean(AbstractBeanFactory.java:204)
	at org.springframework.beans.factory.support.AbstractAutowireCapableBeanFactory.resolveBeanByName(AbstractAutowireCapableBeanFactory.java:452)
	at org.springframework.context.annotation.CommonAnnotationBeanPostProcessor.autowireResource(CommonAnnotationBeanPostProcessor.java:526)
	at org.springframework.context.annotation.CommonAnnotationBeanPostProcessor.getResource(CommonAnnotationBeanPostProcessor.java:496)
	at org.springframework.context.annotation.CommonAnnotationBeanPostProcessor$ResourceElement.getResourceToInject(CommonAnnotationBeanPostProcessor.java:636)
	at org.springframework.beans.factory.annotation.InjectionMetadata$InjectedElement.inject(InjectionMetadata.java:180)
	at org.springframework.beans.factory.annotation.InjectionMetadata.inject(InjectionMetadata.java:90)
	at org.springframework.context.annotation.CommonAnnotationBeanPostProcessor.postProcessProperties(CommonAnnotationBeanPostProcessor.java:321)
	... 50 more
Caused by: org.springframework.beans.factory.BeanCreationException: Error creating bean with name 'sqlSessionFactory' defined in class path resource [org/mybatis/spring/boot/autoconfigure/MybatisAutoConfiguration.class]: Bean instantiation via factory method failed; nested exception is org.springframework.beans.BeanInstantiationException: Failed to instantiate [org.apache.ibatis.session.SqlSessionFactory]: Factory method 'sqlSessionFactory' threw exception; nested exception is org.springframework.core.NestedIOException: Failed to parse mapping resource: 'file [D:\Program Files\intellijEDEAworkspace\datacenter\target\classes\mapper\cadersAssociation\CadersAssociationMapper.xml]'; nested exception is org.apache.ibatis.builder.BuilderException: Error parsing Mapper XML. The XML location is 'file [D:\Program Files\intellijEDEAworkspace\datacenter\target\classes\mapper\cadersAssociation\CadersAssociationMapper.xml]'. Cause: java.lang.IllegalArgumentException: Mapped Statements collection already contains value for CadersAssociationMapper.listCadersAssociation. please check file [D:\Program Files\intellijEDEAworkspace\datacenter\target\classes\mapper\cadersAssociation\CadersAssociationMapper.xml] and file [D:\Program Files\intellijEDEAworkspace\datacenter\target\classes\mapper\cadersAssociation\CadersAssociationMapper.xml]
	at org.springframework.beans.factory.support.ConstructorResolver.instantiate(ConstructorResolver.java:627)
	at org.springframework.beans.factory.support.ConstructorResolver.instantiateUsingFactoryMethod(ConstructorResolver.java:607)
	at org.springframework.beans.factory.support.AbstractAutowireCapableBeanFactory.instantiateUsingFactoryMethod(AbstractAutowireCapableBeanFactory.java:1321)
	at org.springframework.beans.factory.support.AbstractAutowireCapableBeanFactory.createBeanInstance(AbstractAutowireCapableBeanFactory.java:1160)
	at org.springframework.beans.factory.support.AbstractAutowireCapableBeanFactory.doCreateBean(AbstractAutowireCapableBeanFactory.java:555)
	at org.springframework.beans.factory.support.AbstractAutowireCapableBeanFactory.createBean(AbstractAutowireCapableBeanFactory.java:515)
	at org.springframework.beans.factory.support.AbstractBeanFactory.lambda$doGetBean$0(AbstractBeanFactory.java:320)
	at org.springframework.beans.factory.support.DefaultSingletonBeanRegistry.getSingleton(DefaultSingletonBeanRegistry.java:222)
	at org.springframework.beans.factory.support.AbstractBeanFactory.doGetBean(AbstractBeanFactory.java:318)
	at org.springframework.beans.factory.support.AbstractBeanFactory.getBean(AbstractBeanFactory.java:199)
	at org.springframework.beans.factory.config.DependencyDescriptor.resolveCandidate(DependencyDescriptor.java:277)
	at org.springframework.beans.factory.support.DefaultListableBeanFactory.doResolveDependency(DefaultListableBeanFactory.java:1248)
	at org.springframework.beans.factory.support.DefaultListableBeanFactory.resolveDependency(DefaultListableBeanFactory.java:1168)
	at org.springframework.beans.factory.support.ConstructorResolver.resolveAutowiredArgument(ConstructorResolver.java:857)
	at org.springframework.beans.factory.support.ConstructorResolver.createArgumentArray(ConstructorResolver.java:760)
	... 66 more
Caused by: org.springframework.beans.BeanInstantiationException: Failed to instantiate [org.apache.ibatis.session.SqlSessionFactory]: Factory method 'sqlSessionFactory' threw exception; nested exception is org.springframework.core.NestedIOException: Failed to parse mapping resource: 'file [D:\Program Files\intellijEDEAworkspace\datacenter\target\classes\mapper\cadersAssociation\CadersAssociationMapper.xml]'; nested exception is org.apache.ibatis.builder.BuilderException: Error parsing Mapper XML. The XML location is 'file [D:\Program Files\intellijEDEAworkspace\datacenter\target\classes\mapper\cadersAssociation\CadersAssociationMapper.xml]'. Cause: java.lang.IllegalArgumentException: Mapped Statements collection already contains value for CadersAssociationMapper.listCadersAssociation. please check file [D:\Program Files\intellijEDEAworkspace\datacenter\target\classes\mapper\cadersAssociation\CadersAssociationMapper.xml] and file [D:\Program Files\intellijEDEAworkspace\datacenter\target\classes\mapper\cadersAssociation\CadersAssociationMapper.xml]
	at org.springframework.beans.factory.support.SimpleInstantiationStrategy.instantiate(SimpleInstantiationStrategy.java:185)
	at org.springframework.beans.factory.support.ConstructorResolver.instantiate(ConstructorResolver.java:622)
	... 80 more
Caused by: org.springframework.core.NestedIOException: Failed to parse mapping resource: 'file [D:\Program Files\intellijEDEAworkspace\datacenter\target\classes\mapper\cadersAssociation\CadersAssociationMapper.xml]'; nested exception is org.apache.ibatis.builder.BuilderException: Error parsing Mapper XML. The XML location is 'file [D:\Program Files\intellijEDEAworkspace\datacenter\target\classes\mapper\cadersAssociation\CadersAssociationMapper.xml]'. Cause: java.lang.IllegalArgumentException: Mapped Statements collection already contains value for CadersAssociationMapper.listCadersAssociation. please check file [D:\Program Files\intellijEDEAworkspace\datacenter\target\classes\mapper\cadersAssociation\CadersAssociationMapper.xml] and file [D:\Program Files\intellijEDEAworkspace\datacenter\target\classes\mapper\cadersAssociation\CadersAssociationMapper.xml]
	at org.mybatis.spring.SqlSessionFactoryBean.buildSqlSessionFactory(SqlSessionFactoryBean.java:534)
	at org.mybatis.spring.SqlSessionFactoryBean.afterPropertiesSet(SqlSessionFactoryBean.java:424)
	at org.mybatis.spring.SqlSessionFactoryBean.getObject(SqlSessionFactoryBean.java:554)
	at org.mybatis.spring.boot.autoconfigure.MybatisAutoConfiguration.sqlSessionFactory(MybatisAutoConfiguration.java:150)
	at org.mybatis.spring.boot.autoconfigure.MybatisAutoConfiguration$$EnhancerBySpringCGLIB$$6ed5b8ff.CGLIB$sqlSessionFactory$2(<generated>)
	at org.mybatis.spring.boot.autoconfigure.MybatisAutoConfiguration$$EnhancerBySpringCGLIB$$6ed5b8ff$$FastClassBySpringCGLIB$$44fcf504.invoke(<generated>)
	at org.springframework.cglib.proxy.MethodProxy.invokeSuper(MethodProxy.java:244)
	at org.springframework.context.annotation.ConfigurationClassEnhancer$BeanMethodInterceptor.intercept(ConfigurationClassEnhancer.java:363)
	at org.mybatis.spring.boot.autoconfigure.MybatisAutoConfiguration$$EnhancerBySpringCGLIB$$6ed5b8ff.sqlSessionFactory(<generated>)
	at sun.reflect.NativeMethodAccessorImpl.invoke0(Native Method)
	at sun.reflect.NativeMethodAccessorImpl.invoke(NativeMethodAccessorImpl.java:62)
	at sun.reflect.DelegatingMethodAccessorImpl.invoke(DelegatingMethodAccessorImpl.java:43)
	at java.lang.reflect.Method.invoke(Method.java:498)
	at org.springframework.beans.factory.support.SimpleInstantiationStrategy.instantiate(SimpleInstantiationStrategy.java:154)
	... 81 more
Caused by: org.apache.ibatis.builder.BuilderException: Error parsing Mapper XML. The XML location is 'file [D:\Program Files\intellijEDEAworkspace\datacenter\target\classes\mapper\cadersAssociation\CadersAssociationMapper.xml]'. Cause: java.lang.IllegalArgumentException: Mapped Statements collection already contains value for CadersAssociationMapper.listCadersAssociation. please check file [D:\Program Files\intellijEDEAworkspace\datacenter\target\classes\mapper\cadersAssociation\CadersAssociationMapper.xml] and file [D:\Program Files\intellijEDEAworkspace\datacenter\target\classes\mapper\cadersAssociation\CadersAssociationMapper.xml]
	at org.apache.ibatis.builder.xml.XMLMapperBuilder.configurationElement(XMLMapperBuilder.java:122)
	at org.apache.ibatis.builder.xml.XMLMapperBuilder.parse(XMLMapperBuilder.java:94)
	at org.mybatis.spring.SqlSessionFactoryBean.buildSqlSessionFactory(SqlSessionFactoryBean.java:532)
	... 94 more
Caused by: java.lang.IllegalArgumentException: Mapped Statements collection already contains value for CadersAssociationMapper.listCadersAssociation. please check file [D:\Program Files\intellijEDEAworkspace\datacenter\target\classes\mapper\cadersAssociation\CadersAssociationMapper.xml] and file [D:\Program Files\intellijEDEAworkspace\datacenter\target\classes\mapper\cadersAssociation\CadersAssociationMapper.xml]
	at org.apache.ibatis.session.Configuration$StrictMap.put(Configuration.java:930)
	at org.apache.ibatis.session.Configuration$StrictMap.put(Configuration.java:887)
	at org.apache.ibatis.session.Configuration.addMappedStatement(Configuration.java:686)
	at org.apache.ibatis.builder.MapperBuilderAssistant.addMappedStatement(MapperBuilderAssistant.java:296)
	at org.apache.ibatis.builder.xml.XMLStatementBuilder.parseStatementNode(XMLStatementBuilder.java:110)
	at org.apache.ibatis.builder.xml.XMLMapperBuilder.buildStatementFromContext(XMLMapperBuilder.java:137)
	at org.apache.ibatis.builder.xml.XMLMapperBuilder.buildStatementFromContext(XMLMapperBuilder.java:130)
	at org.apache.ibatis.builder.xml.XMLMapperBuilder.configurationElement(XMLMapperBuilder.java:120)
	... 96 more
2019-06-13-16-16 [background-preinit] [org.hibernate.validator.internal.util.Version] [INFO] - HV000001: Hibernate Validator 6.0.16.Final
2019-06-13-16-16 [restartedMain] [com.shuheng.datacenter.DatacenterApplication] [INFO] - Starting DatacenterApplication on SKY-20170806VLC with PID 1944 (started by Administrator in D:\Program Files\intellijEDEAworkspace\datacenter)
2019-06-13-16-16 [restartedMain] [com.shuheng.datacenter.DatacenterApplication] [INFO] - No active profile set, falling back to default profiles: default
2019-06-13-16-16 [restartedMain] [org.springframework.boot.devtools.env.DevToolsPropertyDefaultsPostProcessor] [INFO] - Devtools property defaults active! Set 'spring.devtools.add-properties' to 'false' to disable
2019-06-13-16-16 [restartedMain] [org.springframework.boot.devtools.env.DevToolsPropertyDefaultsPostProcessor] [INFO] - For additional web related logging consider setting the 'logging.level.web' property to 'DEBUG'
2019-06-13-16-16 [restartedMain] [org.mybatis.spring.mapper.ClassPathMapperScanner] [WARN] - No MyBatis mapper was found in '[mapper]' package. Please check your configuration.
2019-06-13-16-16 [restartedMain] [org.mybatis.spring.mapper.ClassPathMapperScanner] [WARN] - No MyBatis mapper was found in '[com.shuheng.datacenter]' package. Please check your configuration.
2019-06-13-16-16 [restartedMain] [org.springframework.data.repository.config.RepositoryConfigurationDelegate] [INFO] - Multiple Spring Data modules found, entering strict repository configuration mode!
2019-06-13-16-16 [restartedMain] [org.springframework.data.repository.config.RepositoryConfigurationDelegate] [INFO] - Bootstrapping Spring Data repositories in DEFAULT mode.
2019-06-13-16-16 [restartedMain] [org.springframework.data.repository.config.RepositoryConfigurationDelegate] [INFO] - Finished Spring Data repository scanning in 8ms. Found 0 repository interfaces.
2019-06-13-16-16 [restartedMain] [org.springframework.context.support.PostProcessorRegistrationDelegate$BeanPostProcessorChecker] [INFO] - Bean 'org.springframework.transaction.annotation.ProxyTransactionManagementConfiguration' of type [org.springframework.transaction.annotation.ProxyTransactionManagementConfiguration$$EnhancerBySpringCGLIB$$e4ed200c] is not eligible for getting processed by all BeanPostProcessors (for example: not eligible for auto-proxying)
2019-06-13-16-16 [restartedMain] [org.springframework.boot.web.embedded.tomcat.TomcatWebServer] [INFO] - Tomcat initialized with port(s): 8090 (http)
2019-06-13-16-16 [restartedMain] [org.springframework.web.context.ContextLoader] [INFO] - Root WebApplicationContext: initialization completed in 1387 ms
2019-06-13-16-16 [restartedMain] [org.springframework.scheduling.concurrent.ThreadPoolTaskExecutor] [INFO] - Initializing ExecutorService 'applicationTaskExecutor'
2019-06-13-16-16 [restartedMain] [com.zaxxer.hikari.HikariDataSource] [INFO] - HikariPool-1 - Starting...
2019-06-13-16-16 [restartedMain] [com.zaxxer.hikari.HikariDataSource] [INFO] - HikariPool-1 - Start completed.
2019-06-13-16-16 [restartedMain] [org.quartz.impl.StdSchedulerFactory] [INFO] - Using default implementation for ThreadExecutor
2019-06-13-16-16 [restartedMain] [org.quartz.core.SchedulerSignalerImpl] [INFO] - Initialized Scheduler Signaller of type: class org.quartz.core.SchedulerSignalerImpl
2019-06-13-16-16 [restartedMain] [org.quartz.core.QuartzScheduler] [INFO] - Quartz Scheduler v.2.3.1 created.
2019-06-13-16-16 [restartedMain] [org.quartz.simpl.RAMJobStore] [INFO] - RAMJobStore initialized.
2019-06-13-16-16 [restartedMain] [org.quartz.core.QuartzScheduler] [INFO] - Scheduler meta-data: Quartz Scheduler (v2.3.1) 'quartzScheduler' with instanceId 'NON_CLUSTERED'
  Scheduler class: 'org.quartz.core.QuartzScheduler' - running locally.
  NOT STARTED.
  Currently in standby mode.
  Number of jobs executed: 0
  Using thread pool 'org.quartz.simpl.SimpleThreadPool' - with 10 threads.
  Using job-store 'org.quartz.simpl.RAMJobStore' - which does not support persistence. and is not clustered.

2019-06-13-16-16 [restartedMain] [org.quartz.impl.StdSchedulerFactory] [INFO] - Quartz scheduler 'quartzScheduler' initialized from an externally provided properties instance.
2019-06-13-16-16 [restartedMain] [org.quartz.impl.StdSchedulerFactory] [INFO] - Quartz scheduler version: 2.3.1
2019-06-13-16-16 [restartedMain] [org.quartz.core.QuartzScheduler] [INFO] - JobFactory set to: org.springframework.scheduling.quartz.SpringBeanJobFactory@178ca67
2019-06-13-16-16 [restartedMain] [org.springframework.boot.devtools.autoconfigure.OptionalLiveReloadServer] [INFO] - LiveReload server is running on port 35729
2019-06-13-16-16 [restartedMain] [org.springframework.scheduling.quartz.SchedulerFactoryBean] [INFO] - Starting Quartz Scheduler now
2019-06-13-16-16 [restartedMain] [org.quartz.core.QuartzScheduler] [INFO] - Scheduler quartzScheduler_$_NON_CLUSTERED started.
2019-06-13-16-16 [restartedMain] [org.springframework.boot.web.embedded.tomcat.TomcatWebServer] [INFO] - Tomcat started on port(s): 8090 (http) with context path '/datacenter'
2019-06-13-16-16 [restartedMain] [com.shuheng.datacenter.DatacenterApplication] [INFO] - Started DatacenterApplication in 3.32 seconds (JVM running for 3.807)
2019-06-13-16-16 [http-nio-8090-exec-1] [org.springframework.web.servlet.DispatcherServlet] [INFO] - Initializing Servlet 'dispatcherServlet'
2019-06-13-16-16 [http-nio-8090-exec-1] [org.springframework.web.servlet.DispatcherServlet] [INFO] - Completed initialization in 5 ms
