2019-06-05-14-00 [http-nio-8090-exec-1] [com.shuheng.datacenter.controller.UnitController] [ERROR] - sdfsdfsdfssdfsdfsd
2019-06-05-14-01 [http-nio-8090-exec-3] [com.shuheng.datacenter.controller.UnitController] [ERROR] - sdfsdfsdfssdfsdfsd
2019-06-05-14-29 [http-nio-8090-exec-2] [com.shuheng.datacenter.controller.UnitController] [ERROR] - sdfsdfsdfssdfsdfsd
2019-06-05-14-31 [http-nio-8090-exec-1] [com.shuheng.datacenter.exception.CommonExceptionHandler] [ERROR] - [Ljava.lang.StackTraceElement;@ebbaf8
2019-06-05-14-31 [http-nio-8090-exec-3] [com.shuheng.datacenter.exception.CommonExceptionHandler] [ERROR] - [Ljava.lang.StackTraceElement;@135d085
2019-06-05-14-31 [http-nio-8090-exec-1] [com.shuheng.datacenter.exception.CommonExceptionHandler] [ERROR] - [Ljava.lang.StackTraceElement;@65d4ec
2019-06-05-14-32 [http-nio-8090-exec-3] [com.shuheng.datacenter.exception.CommonExceptionHandler] [ERROR] - [Ljava.lang.StackTraceElement;@12f32cf
2019-06-05-14-32 [http-nio-8090-exec-4] [com.shuheng.datacenter.exception.CommonExceptionHandler] [ERROR] - [Ljava.lang.StackTraceElement;@d80314
2019-06-05-14-34 [http-nio-8090-exec-1] [com.shuheng.datacenter.exception.CommonExceptionHandler] [ERROR] - [Ljava.lang.StackTraceElement;@42e683
2019-06-05-14-35 [http-nio-8090-exec-1] [com.shuheng.datacenter.exception.CommonExceptionHandler] [ERROR] - [Ljava.lang.StackTraceElement;@a877f3
2019-06-05-14-36 [http-nio-8090-exec-1] [com.shuheng.datacenter.exception.CommonExceptionHandler] [ERROR] - java.lang.ArithmeticException: / by zero
2019-06-05-14-38 [http-nio-8090-exec-1] [com.shuheng.datacenter.exception.CommonExceptionHandler] [ERROR] - java.lang.ArithmeticException: / by zero
2019-06-05-14-39 [http-nio-8090-exec-1] [com.shuheng.datacenter.exception.CommonExceptionHandler] [ERROR] - java.lang.ArithmeticException: / by zero
2019-06-05-14-40 [http-nio-8090-exec-1] [com.shuheng.datacenter.exception.CommonExceptionHandler] [ERROR] - java.lang.ArithmeticException: / by zero
2019-06-05-14-49 [http-nio-8090-exec-1] [com.shuheng.datacenter.exception.CommonExceptionHandler] [ERROR] - java.lang.ArithmeticException: / by zero
java.lang.ArithmeticException: / by zero
	at com.shuheng.datacenter.controller.UnitController.syncUnit(UnitController.java:43)
	at sun.reflect.NativeMethodAccessorImpl.invoke0(Native Method)
	at sun.reflect.NativeMethodAccessorImpl.invoke(NativeMethodAccessorImpl.java:62)
	at sun.reflect.DelegatingMethodAccessorImpl.invoke(DelegatingMethodAccessorImpl.java:43)
	at java.lang.reflect.Method.invoke(Method.java:498)
	at org.springframework.web.method.support.InvocableHandlerMethod.doInvoke(InvocableHandlerMethod.java:190)
	at org.springframework.web.method.support.InvocableHandlerMethod.invokeForRequest(InvocableHandlerMethod.java:138)
	at org.springframework.web.servlet.mvc.method.annotation.ServletInvocableHandlerMethod.invokeAndHandle(ServletInvocableHandlerMethod.java:104)
	at org.springframework.web.servlet.mvc.method.annotation.RequestMappingHandlerAdapter.invokeHandlerMethod(RequestMappingHandlerAdapter.java:892)
	at org.springframework.web.servlet.mvc.method.annotation.RequestMappingHandlerAdapter.handleInternal(RequestMappingHandlerAdapter.java:797)
	at org.springframework.web.servlet.mvc.method.AbstractHandlerMethodAdapter.handle(AbstractHandlerMethodAdapter.java:87)
	at org.springframework.web.servlet.DispatcherServlet.doDispatch(DispatcherServlet.java:1039)
	at org.springframework.web.servlet.DispatcherServlet.doService(DispatcherServlet.java:942)
	at org.springframework.web.servlet.FrameworkServlet.processRequest(FrameworkServlet.java:1005)
	at org.springframework.web.servlet.FrameworkServlet.doGet(FrameworkServlet.java:897)
	at javax.servlet.http.HttpServlet.service(HttpServlet.java:634)
	at org.springframework.web.servlet.FrameworkServlet.service(FrameworkServlet.java:882)
	at javax.servlet.http.HttpServlet.service(HttpServlet.java:741)
	at org.apache.catalina.core.ApplicationFilterChain.internalDoFilter(ApplicationFilterChain.java:231)
	at org.apache.catalina.core.ApplicationFilterChain.doFilter(ApplicationFilterChain.java:166)
	at org.apache.tomcat.websocket.server.WsFilter.doFilter(WsFilter.java:53)
	at org.apache.catalina.core.ApplicationFilterChain.internalDoFilter(ApplicationFilterChain.java:193)
	at org.apache.catalina.core.ApplicationFilterChain.doFilter(ApplicationFilterChain.java:166)
	at org.springframework.web.filter.RequestContextFilter.doFilterInternal(RequestContextFilter.java:99)
	at org.springframework.web.filter.OncePerRequestFilter.doFilter(OncePerRequestFilter.java:107)
	at org.apache.catalina.core.ApplicationFilterChain.internalDoFilter(ApplicationFilterChain.java:193)
	at org.apache.catalina.core.ApplicationFilterChain.doFilter(ApplicationFilterChain.java:166)
	at org.springframework.web.filter.FormContentFilter.doFilterInternal(FormContentFilter.java:92)
	at org.springframework.web.filter.OncePerRequestFilter.doFilter(OncePerRequestFilter.java:107)
	at org.apache.catalina.core.ApplicationFilterChain.internalDoFilter(ApplicationFilterChain.java:193)
	at org.apache.catalina.core.ApplicationFilterChain.doFilter(ApplicationFilterChain.java:166)
	at org.springframework.web.filter.HiddenHttpMethodFilter.doFilterInternal(HiddenHttpMethodFilter.java:93)
	at org.springframework.web.filter.OncePerRequestFilter.doFilter(OncePerRequestFilter.java:107)
	at org.apache.catalina.core.ApplicationFilterChain.internalDoFilter(ApplicationFilterChain.java:193)
	at org.apache.catalina.core.ApplicationFilterChain.doFilter(ApplicationFilterChain.java:166)
	at org.springframework.web.filter.CharacterEncodingFilter.doFilterInternal(CharacterEncodingFilter.java:200)
	at org.springframework.web.filter.OncePerRequestFilter.doFilter(OncePerRequestFilter.java:107)
	at org.apache.catalina.core.ApplicationFilterChain.internalDoFilter(ApplicationFilterChain.java:193)
	at org.apache.catalina.core.ApplicationFilterChain.doFilter(ApplicationFilterChain.java:166)
	at org.apache.catalina.core.StandardWrapperValve.invoke(StandardWrapperValve.java:200)
	at org.apache.catalina.core.StandardContextValve.invoke(StandardContextValve.java:96)
	at org.apache.catalina.authenticator.AuthenticatorBase.invoke(AuthenticatorBase.java:490)
	at org.apache.catalina.core.StandardHostValve.invoke(StandardHostValve.java:139)
	at org.apache.catalina.valves.ErrorReportValve.invoke(ErrorReportValve.java:92)
	at org.apache.catalina.core.StandardEngineValve.invoke(StandardEngineValve.java:74)
	at org.apache.catalina.connector.CoyoteAdapter.service(CoyoteAdapter.java:343)
	at org.apache.coyote.http11.Http11Processor.service(Http11Processor.java:408)
	at org.apache.coyote.AbstractProcessorLight.process(AbstractProcessorLight.java:66)
	at org.apache.coyote.AbstractProtocol$ConnectionHandler.process(AbstractProtocol.java:836)
	at org.apache.tomcat.util.net.NioEndpoint$SocketProcessor.doRun(NioEndpoint.java:1747)
	at org.apache.tomcat.util.net.SocketProcessorBase.run(SocketProcessorBase.java:49)
	at java.util.concurrent.ThreadPoolExecutor.runWorker(ThreadPoolExecutor.java:1142)
	at java.util.concurrent.ThreadPoolExecutor$Worker.run(ThreadPoolExecutor.java:617)
	at org.apache.tomcat.util.threads.TaskThread$WrappingRunnable.run(TaskThread.java:61)
	at java.lang.Thread.run(Thread.java:748)
